<?xml version="1.0" encoding="utf-8"?>
<test-run id="2" testcasecount="84" result="Passed" total="84" passed="84" failed="0" inconclusive="0" skipped="0" asserts="0" engine-version="3.5.0.0" clr-version="4.0.30319.42000" start-time="2026-09-14 01:08:32Z" end-time="2026-09-14 01:08:32Z" duration="0.3966811">
  <test-suite type="TestSuite" id="1000" name="KLTN" fullname="KLTN" runstate="Runnable" testcasecount="84" result="Passed" start-time="2026-09-14 01:08:32Z" end-time="2026-09-14 01:08:32Z" duration="0.396681" total="84" passed="84" failed="0" inconclusive="0" skipped="0" asserts="0">
    <properties>
      <property name="platform" value="EditMode" />
    </properties>
    <test-suite type="Assembly" id="1097" name="KLTN.Game.Domain.Tests.dll" fullname="D:/Unity Project/KLTN/Library/ScriptAssemblies/KLTN.Game.Domain.Tests.dll" runstate="Runnable" testcasecount="84" result="Passed" start-time="2026-09-14 01:08:32Z" end-time="2026-09-14 01:08:32Z" duration="0.376978" total="84" passed="84" failed="0" inconclusive="0" skipped="0" asserts="0">
      <properties>
        <property name="_PID" value="23452" />
        <property name="_APPDOMAIN" value="Unity Child Domain" />
        <property name="platform" value="EditMode" />
        <property name="EditorOnly" value="True" />
      </properties>
      <test-suite type="TestSuite" id="1098" name="KLTN" fullname="KLTN" runstate="Runnable" testcasecount="84" result="Passed" start-time="2026-09-14 01:08:32Z" end-time="2026-09-14 01:08:32Z" duration="0.374528" total="84" passed="84" failed="0" inconclusive="0" skipped="0" asserts="0">
        <properties />
        <test-suite type="TestSuite" id="1099" name="Game" fullname="KLTN.Game" runstate="Runnable" testcasecount="84" result="Passed" start-time="2026-09-14 01:08:32Z" end-time="2026-09-14 01:08:32Z" duration="0.372620" total="84" passed="84" failed="0" inconclusive="0" skipped="0" asserts="0">
          <properties />
          <test-suite type="TestSuite" id="1100" name="Domain" fullname="KLTN.Game.Domain" runstate="Runnable" testcasecount="84" result="Passed" start-time="2026-09-14 01:08:32Z" end-time="2026-09-14 01:08:32Z" duration="0.370807" total="84" passed="84" failed="0" inconclusive="0" skipped="0" asserts="0">
            <properties />
            <test-suite type="TestSuite" id="1101" name="Tests" fullname="KLTN.Game.Domain.Tests" runstate="Runnable" testcasecount="84" result="Passed" start-time="2026-09-14 01:08:32Z" end-time="2026-09-14 01:08:32Z" duration="0.368743" total="84" passed="84" failed="0" inconclusive="0" skipped="0" asserts="0">
              <properties />
              <test-suite type="TestFixture" id="1001" name="AbilityDefinitionTests" fullname="KLTN.Game.Domain.Tests.AbilityDefinitionTests" classname="KLTN.Game.Domain.Tests.AbilityDefinitionTests" runstate="Runnable" testcasecount="4" result="Passed" start-time="2026-09-14 01:08:32Z" end-time="2026-09-14 01:08:32Z" duration="0.100134" total="4" passed="4" failed="0" inconclusive="0" skipped="0" asserts="0">
                <properties />
                <test-case id="1004" name="AbilityDefinition_CopiesInputCollections" fullname="KLTN.Game.Domain.Tests.AbilityDefinitionTests.AbilityDefinition_CopiesInputCollections" methodname="AbilityDefinition_CopiesInputCollections" classname="KLTN.Game.Domain.Tests.AbilityDefinitionTests" runstate="Runnable" seed="494168366" result="Passed" start-time="2026-09-14 01:08:32Z" end-time="2026-09-14 01:08:32Z" duration="0.037363" asserts="0">
                  <properties>
                    <property name="retryIteration" value="0" />
                    <property name="repeatIteration" value="0" />
                  </properties>
                </test-case>
                <test-case id="1005" name="CardDefinition_CopiesAbilityCollection" fullname="KLTN.Game.Domain.Tests.AbilityDefinitionTests.CardDefinition_CopiesAbilityCollection" methodname="CardDefinition_CopiesAbilityCollection" classname="KLTN.Game.Domain.Tests.AbilityDefinitionTests" runstate="Runnable" seed="692250438" result="Passed" start-time="2026-09-14 01:08:32Z" end-time="2026-09-14 01:08:32Z" duration="0.005346" asserts="0">
                  <properties>
                    <property name="retryIteration" value="0" />
                    <property name="repeatIteration" value="0" />
                  </properties>
                </test-case>
                <test-case id="1002" name="CardDefinition_DefaultsToNoRules" fullname="KLTN.Game.Domain.Tests.AbilityDefinitionTests.CardDefinition_DefaultsToNoRules" methodname="CardDefinition_DefaultsToNoRules" classname="KLTN.Game.Domain.Tests.AbilityDefinitionTests" runstate="Runnable" seed="2171513" result="Passed" start-time="2026-09-14 01:08:32Z" end-time="2026-09-14 01:08:32Z" duration="0.005188" asserts="0">
                  <properties>
                    <property name="retryIteration" value="0" />
                    <property name="repeatIteration" value="0" />
                  </properties>
                </test-case>
                <test-case id="1003" name="KeywordFlags_CanBeCombined" fullname="KLTN.Game.Domain.Tests.AbilityDefinitionTests.KeywordFlags_CanBeCombined" methodname="KeywordFlags_CanBeCombined" classname="KLTN.Game.Domain.Tests.AbilityDefinitionTests" runstate="Runnable" seed="880821452" result="Passed" start-time="2026-09-14 01:08:32Z" end-time="2026-09-14 01:08:32Z" duration="0.002781" asserts="0">
                  <properties>
                    <property name="retryIteration" value="0" />
                    <property name="repeatIteration" value="0" />
                  </properties>
                </test-case>
              </test-suite>
              <test-suite type="TestFixture" id="1006" name="AbilityRuntimeTests" fullname="KLTN.Game.Domain.Tests.AbilityRuntimeTests" classname="KLTN.Game.Domain.Tests.AbilityRuntimeTests" runstate="Runnable" testcasecount="6" result="Passed" start-time="2026-09-14 01:08:32Z" end-time="2026-09-14 01:08:32Z" duration="0.105134" total="6" passed="6" failed="0" inconclusive="0" skipped="0" asserts="0">
                <properties />
                <test-case id="1008" name="AllySummonBuff_ChangesRuntimeStats" fullname="KLTN.Game.Domain.Tests.AbilityRuntimeTests.AllySummonBuff_ChangesRuntimeStats" methodname="AllySummonBuff_ChangesRuntimeStats" classname="KLTN.Game.Domain.Tests.AbilityRuntimeTests" runstate="Runnable" seed="30887670" result="Passed" start-time="2026-09-14 01:08:32Z" end-time="2026-09-14 01:08:32Z" duration="0.040703" asserts="0">
                  <properties>
                    <property name="retryIteration" value="0" />
                    <property name="repeatIteration" value="0" />
                  </properties>
                </test-case>
                <test-case id="1011" name="CombatDeath_ExecutesDeathAndAllyDeath" fullname="KLTN.Game.Domain.Tests.AbilityRuntimeTests.CombatDeath_ExecutesDeathAndAllyDeath" methodname="CombatDeath_ExecutesDeathAndAllyDeath" classname="KLTN.Game.Domain.Tests.AbilityRuntimeTests" runstate="Runnable" seed="1187525832" result="Passed" start-time="2026-09-14 01:08:32Z" end-time="2026-09-14 01:08:32Z" duration="0.014581" asserts="0">
                  <properties>
                    <property name="retryIteration" value="0" />
                    <property name="repeatIteration" value="0" />
                  </properties>
                </test-case>
                <test-case id="1010" name="InvalidThenValidSelection_IsAtomic" fullname="KLTN.Game.Domain.Tests.AbilityRuntimeTests.InvalidThenValidSelection_IsAtomic" methodname="InvalidThenValidSelection_IsAtomic" classname="KLTN.Game.Domain.Tests.AbilityRuntimeTests" runstate="Runnable" seed="956898118" result="Passed" start-time="2026-09-14 01:08:32Z" end-time="2026-09-14 01:08:32Z" duration="0.020224" asserts="0">
                  <properties>
                    <property name="retryIteration" value="0" />
                    <property name="repeatIteration" value="0" />
                  </properties>
                </test-case>
                <test-case id="1007" name="PlayDrawEffect_ExecutesAfterSummon" fullname="KLTN.Game.Domain.Tests.AbilityRuntimeTests.PlayDrawEffect_ExecutesAfterSummon" methodname="PlayDrawEffect_ExecutesAfterSummon" classname="KLTN.Game.Domain.Tests.AbilityRuntimeTests" runstate="Runnable" seed="146109309" result="Passed" start-time="2026-09-14 01:08:32Z" end-time="2026-09-14 01:08:32Z" duration="0.001228" asserts="0">
                  <properties>
                    <property name="retryIteration" value="0" />
                    <property name="repeatIteration" value="0" />
                  </properties>
                </test-case>
                <test-case id="1012" name="SimultaneousDeath_MaMatMamAndVongNhiBothResolve" fullname="KLTN.Game.Domain.Tests.AbilityRuntimeTests.SimultaneousDeath_MaMatMamAndVongNhiBothResolve" methodname="SimultaneousDeath_MaMatMamAndVongNhiBothResolve" classname="KLTN.Game.Domain.Tests.AbilityRuntimeTests" runstate="Runnable" seed="1748333098" result="Passed" start-time="2026-09-14 01:08:32Z" end-time="2026-09-14 01:08:32Z" duration="0.003123" asserts="0">
                  <properties>
                    <property name="retryIteration" value="0" />
                    <property name="repeatIteration" value="0" />
                  </properties>
                </test-case>
                <test-case id="1009" name="TargetedPlay_OpensSelectionWithoutMutation" fullname="KLTN.Game.Domain.Tests.AbilityRuntimeTests.TargetedPlay_OpensSelectionWithoutMutation" methodname="TargetedPlay_OpensSelectionWithoutMutation" classname="KLTN.Game.Domain.Tests.AbilityRuntimeTests" runstate="Runnable" seed="272265144" result="Passed" start-time="2026-09-14 01:08:32Z" end-time="2026-09-14 01:08:32Z" duration="0.001730" asserts="0">
                  <properties>
                    <property name="retryIteration" value="0" />
                    <property name="repeatIteration" value="0" />
                  </properties>
                </test-case>
              </test-suite>
              <test-suite type="TestFixture" id="1013" name="AbilityTriggerResolverTests" fullname="KLTN.Game.Domain.Tests.AbilityTriggerResolverTests" classname="KLTN.Game.Domain.Tests.AbilityTriggerResolverTests" runstate="Runnable" testcasecount="5" result="Passed" start-time="2026-09-14 01:08:32Z" end-time="2026-09-14 01:08:32Z" duration="0.024550" total="5" passed="5" failed="0" inconclusive="0" skipped="0" asserts="0">
                <properties />
                <test-case id="1016" name="Death_CollectsLastBreathBeforeAllyDeath" fullname="KLTN.Game.Domain.Tests.AbilityTriggerResolverTests.Death_CollectsLastBreathBeforeAllyDeath" methodname="Death_CollectsLastBreathBeforeAllyDeath" classname="KLTN.Game.Domain.Tests.AbilityTriggerResolverTests" runstate="Runnable" seed="231237778" result="Passed" start-time="2026-09-14 01:08:32Z" end-time="2026-09-14 01:08:32Z" duration="0.004165" asserts="0">
                  <properties>
                    <property name="retryIteration" value="0" />
                    <property name="repeatIteration" value="0" />
                  </properties>
                </test-case>
                <test-case id="1015" name="DrawHandCard_DoesNotListenToAllySummon" fullname="KLTN.Game.Domain.Tests.AbilityTriggerResolverTests.DrawHandCard_DoesNotListenToAllySummon" methodname="DrawHandCard_DoesNotListenToAllySummon" classname="KLTN.Game.Domain.Tests.AbilityTriggerResolverTests" runstate="Runnable" seed="743050506" result="Passed" start-time="2026-09-14 01:08:32Z" end-time="2026-09-14 01:08:32Z" duration="0.001701" asserts="0">
                  <properties>
                    <property name="retryIteration" value="0" />
                    <property name="repeatIteration" value="0" />
                  </properties>
                </test-case>
                <test-case id="1017" name="OncePerRound_IsCollectedOnlyOnce" fullname="KLTN.Game.Domain.Tests.AbilityTriggerResolverTests.OncePerRound_IsCollectedOnlyOnce" methodname="OncePerRound_IsCollectedOnlyOnce" classname="KLTN.Game.Domain.Tests.AbilityTriggerResolverTests" runstate="Runnable" seed="643777159" result="Passed" start-time="2026-09-14 01:08:32Z" end-time="2026-09-14 01:08:32Z" duration="0.008903" asserts="0">
                  <properties>
                    <property name="retryIteration" value="0" />
                    <property name="repeatIteration" value="0" />
                  </properties>
                </test-case>
                <test-case id="1018" name="PreviousRoundCondition_UsesRotatedHistory" fullname="KLTN.Game.Domain.Tests.AbilityTriggerResolverTests.PreviousRoundCondition_UsesRotatedHistory" methodname="PreviousRoundCondition_UsesRotatedHistory" classname="KLTN.Game.Domain.Tests.AbilityTriggerResolverTests" runstate="Runnable" seed="1502025363" result="Passed" start-time="2026-09-14 01:08:32Z" end-time="2026-09-14 01:08:32Z" duration="0.003655" asserts="0">
                  <properties>
                    <property name="retryIteration" value="0" />
                    <property name="repeatIteration" value="0" />
                  </properties>
                </test-case>
                <test-case id="1014" name="Summon_CollectsSelfBeforeAllyListeners" fullname="KLTN.Game.Domain.Tests.AbilityTriggerResolverTests.Summon_CollectsSelfBeforeAllyListeners" methodname="Summon_CollectsSelfBeforeAllyListeners" classname="KLTN.Game.Domain.Tests.AbilityTriggerResolverTests" runstate="Runnable" seed="561434634" result="Passed" start-time="2026-09-14 01:08:32Z" end-time="2026-09-14 01:08:32Z" duration="0.002119" asserts="0">
                  <properties>
                    <property name="retryIteration" value="0" />
                    <property name="repeatIteration" value="0" />
                  </properties>
                </test-case>
              </test-suite>
              <test-suite type="TestFixture" id="1019" name="CombatKeywordTests" fullname="KLTN.Game.Domain.Tests.CombatKeywordTests" classname="KLTN.Game.Domain.Tests.CombatKeywordTests" runstate="Runnable" testcasecount="15" result="Passed" start-time="2026-09-14 01:08:32Z" end-time="2026-09-14 01:08:32Z" duration="0.037005" total="15" passed="15" failed="0" inconclusive="0" skipped="0" asserts="0">
                <properties />
                <test-case id="1026" name="AttackAndSupport_TriggerInSlotOrder" fullname="KLTN.Game.Domain.Tests.CombatKeywordTests.AttackAndSupport_TriggerInSlotOrder" methodname="AttackAndSupport_TriggerInSlotOrder" classname="KLTN.Game.Domain.Tests.CombatKeywordTests" runstate="Runnable" seed="1988974999" result="Passed" start-time="2026-09-14 01:08:32Z" end-time="2026-09-14 01:08:32Z" duration="0.003535" asserts="0">
                  <properties>
                    <property name="retryIteration" value="0" />
                    <property name="repeatIteration" value="0" />
                  </properties>
                </test-case>
                <test-case id="1029" name="CannotBlock_RejectionDoesNotMutateCombatState" fullname="KLTN.Game.Domain.Tests.CombatKeywordTests.CannotBlock_RejectionDoesNotMutateCombatState" methodname="CannotBlock_RejectionDoesNotMutateCombatState" classname="KLTN.Game.Domain.Tests.CombatKeywordTests" runstate="Runnable" seed="928833576" result="Passed" start-time="2026-09-14 01:08:32Z" end-time="2026-09-14 01:08:32Z" duration="0.003032" asserts="0">
                  <properties>
                    <property name="retryIteration" value="0" />
                    <property name="repeatIteration" value="0" />
                  </properties>
                </test-case>
                <test-case id="1020" name="CannotBlockUnit_IsRejectedAtomically" fullname="KLTN.Game.Domain.Tests.CombatKeywordTests.CannotBlockUnit_IsRejectedAtomically" methodname="CannotBlockUnit_IsRejectedAtomically" classname="KLTN.Game.Domain.Tests.CombatKeywordTests" runstate="Runnable" seed="1382237111" result="Passed" start-time="2026-09-14 01:08:32Z" end-time="2026-09-14 01:08:32Z" duration="0.002088" asserts="0">
                  <properties>
                    <property name="retryIteration" value="0" />
                    <property name="repeatIteration" value="0" />
                  </properties>
                </test-case>
                <test-case id="1031" name="Ephemeral_BlockedStrikeRunsDeathAndAllyDeath" fullname="KLTN.Game.Domain.Tests.CombatKeywordTests.Ephemeral_BlockedStrikeRunsDeathAndAllyDeath" methodname="Ephemeral_BlockedStrikeRunsDeathAndAllyDeath" classname="KLTN.Game.Domain.Tests.CombatKeywordTests" runstate="Runnable" seed="1864977377" result="Passed" start-time="2026-09-14 01:08:32Z" end-time="2026-09-14 01:08:32Z" duration="0.003388" asserts="0">
                  <properties>
                    <property name="retryIteration" value="0" />
                    <property name="repeatIteration" value="0" />
                  </properties>
                </test-case>
                <test-case id="1024" name="Ephemeral_DiesAfterDirectStrike" fullname="KLTN.Game.Domain.Tests.CombatKeywordTests.Ephemeral_DiesAfterDirectStrike" methodname="Ephemeral_DiesAfterDirectStrike" classname="KLTN.Game.Domain.Tests.CombatKeywordTests" runstate="Runnable" seed="1485263886" result="Passed" start-time="2026-09-14 01:08:32Z" end-time="2026-09-14 01:08:32Z" duration="0.001278" asserts="0">
                  <properties>
                    <property name="retryIteration" value="0" />
                    <property name="repeatIteration" value="0" />
                  </properties>
                </test-case>
                <test-case id="1028" name="Fearsome_BuffedTwoPowerBlockerCanBlock" fullname="KLTN.Game.Domain.Tests.CombatKeywordTests.Fearsome_BuffedTwoPowerBlockerCanBlock" methodname="Fearsome_BuffedTwoPowerBlockerCanBlock" classname="KLTN.Game.Domain.Tests.CombatKeywordTests" runstate="Runnable" seed="440002908" result="Passed" start-time="2026-09-14 01:08:32Z" end-time="2026-09-14 01:08:32Z" duration="0.000924" asserts="0">
                  <properties>
                    <property name="retryIteration" value="0" />
                    <property name="repeatIteration" value="0" />
                  </properties>
                </test-case>
                <test-case id="1021" name="Fearsome_RequiresThreeCurrentPower" fullname="KLTN.Game.Domain.Tests.CombatKeywordTests.Fearsome_RequiresThreeCurrentPower" methodname="Fearsome_RequiresThreeCurrentPower" classname="KLTN.Game.Domain.Tests.CombatKeywordTests" runstate="Runnable" seed="406109330" result="Passed" start-time="2026-09-14 01:08:32Z" end-time="2026-09-14 01:08:32Z" duration="0.000951" asserts="0">
                  <properties>
                    <property name="retryIteration" value="0" />
                    <property name="repeatIteration" value="0" />
                  </properties>
                </test-case>
                <test-case id="1030" name="Lifesteal_DoesNotExceedMaximumNexusHealth" fullname="KLTN.Game.Domain.Tests.CombatKeywordTests.Lifesteal_DoesNotExceedMaximumNexusHealth" methodname="Lifesteal_DoesNotExceedMaximumNexusHealth" classname="KLTN.Game.Domain.Tests.CombatKeywordTests" runstate="Runnable" seed="763478944" result="Passed" start-time="2026-09-14 01:08:32Z" end-time="2026-09-14 01:08:32Z" duration="0.000669" asserts="0">
                  <properties>
                    <property name="retryIteration" value="0" />
                    <property name="repeatIteration" value="0" />
                  </properties>
                </test-case>
                <test-case id="1023" name="LifestealAgainstNexus_HealsDamageDealt" fullname="KLTN.Game.Domain.Tests.CombatKeywordTests.LifestealAgainstNexus_HealsDamageDealt" methodname="LifestealAgainstNexus_HealsDamageDealt" classname="KLTN.Game.Domain.Tests.CombatKeywordTests" runstate="Runnable" seed="1458969660" result="Passed" start-time="2026-09-14 01:08:32Z" end-time="2026-09-14 01:08:32Z" duration="0.000690" asserts="0">
                  <properties>
                    <property name="retryIteration" value="0" />
                    <property name="repeatIteration" value="0" />
                  </properties>
                </test-case>
                <test-case id="1022" name="LifestealAgainstUnit_HealsActualDamage" fullname="KLTN.Game.Domain.Tests.CombatKeywordTests.LifestealAgainstUnit_HealsActualDamage" methodname="LifestealAgainstUnit_HealsActualDamage" classname="KLTN.Game.Domain.Tests.CombatKeywordTests" runstate="Runnable" seed="1125441591" result="Passed" start-time="2026-09-14 01:08:32Z" end-time="2026-09-14 01:08:32Z" duration="0.000704" asserts="0">
                  <properties>
                    <property name="retryIteration" value="0" />
                    <property name="repeatIteration" value="0" />
                  </properties>
                </test-case>
                <test-case id="1025" name="RoundEnd_ExpiresEphemeralAndRunsDeathTriggers" fullname="KLTN.Game.Domain.Tests.CombatKeywordTests.RoundEnd_ExpiresEphemeralAndRunsDeathTriggers" methodname="RoundEnd_ExpiresEphemeralAndRunsDeathTriggers" classname="KLTN.Game.Domain.Tests.CombatKeywordTests" runstate="Runnable" seed="1719190413" result="Passed" start-time="2026-09-14 01:08:32Z" end-time="2026-09-14 01:08:32Z" duration="0.007786" asserts="0">
                  <properties>
                    <property name="retryIteration" value="0" />
                    <property name="repeatIteration" value="0" />
                  </properties>
                </test-case>
                <test-case id="1033" name="RoundStart_BoardCardTriggers" fullname="KLTN.Game.Domain.Tests.CombatKeywordTests.RoundStart_BoardCardTriggers" methodname="RoundStart_BoardCardTriggers" classname="KLTN.Game.Domain.Tests.CombatKeywordTests" runstate="Runnable" seed="1343470521" result="Passed" start-time="2026-09-14 01:08:32Z" end-time="2026-09-14 01:08:32Z" duration="0.001097" asserts="0">
                  <properties>
                    <property name="retryIteration" value="0" />
                    <property name="repeatIteration" value="0" />
                  </properties>
                </test-case>
                <test-case id="1034" name="RoundStart_DrawHandCardDoesNotTrigger" fullname="KLTN.Game.Domain.Tests.CombatKeywordTests.RoundStart_DrawHandCardDoesNotTrigger" methodname="RoundStart_DrawHandCardDoesNotTrigger" classname="KLTN.Game.Domain.Tests.CombatKeywordTests" runstate="Runnable" seed="1670849275" result="Passed" start-time="2026-09-14 01:08:32Z" end-time="2026-09-14 01:08:32Z" duration="0.001128" asserts="0">
                  <properties>
                    <property name="retryIteration" value="0" />
                    <property name="repeatIteration" value="0" />
                  </properties>
                </test-case>
                <test-case id="1027" name="RoundStart_TriggersActiveRosterAbility" fullname="KLTN.Game.Domain.Tests.CombatKeywordTests.RoundStart_TriggersActiveRosterAbility" methodname="RoundStart_TriggersActiveRosterAbility" classname="KLTN.Game.Domain.Tests.CombatKeywordTests" runstate="Runnable" seed="1547566010" result="Passed" start-time="2026-09-14 01:08:32Z" end-time="2026-09-14 01:08:32Z" duration="0.000571" asserts="0">
                  <properties>
                    <property name="retryIteration" value="0" />
                    <property name="repeatIteration" value="0" />
                  </properties>
                </test-case>
                <test-case id="1032" name="Support_WithEmptyRightSlotDoesNotTrigger" fullname="KLTN.Game.Domain.Tests.CombatKeywordTests.Support_WithEmptyRightSlotDoesNotTrigger" methodname="Support_WithEmptyRightSlotDoesNotTrigger" classname="KLTN.Game.Domain.Tests.CombatKeywordTests" runstate="Runnable" seed="1000631205" result="Passed" start-time="2026-09-14 01:08:32Z" end-time="2026-09-14 01:08:32Z" duration="0.000808" asserts="0">
                  <properties>
                    <property name="retryIteration" value="0" />
                    <property name="repeatIteration" value="0" />
                  </properties>
                </test-case>
              </test-suite>
              <test-suite type="TestFixture" id="1035" name="ExtendedAbilityEffectTests" fullname="KLTN.Game.Domain.Tests.ExtendedAbilityEffectTests" classname="KLTN.Game.Domain.Tests.ExtendedAbilityEffectTests" runstate="Runnable" testcasecount="10" result="Passed" start-time="2026-09-14 01:08:32Z" end-time="2026-09-14 01:08:32Z" duration="0.022617" total="10" passed="10" failed="0" inconclusive="0" skipped="0" asserts="0">
                <properties />
                <test-case id="1036" name="AllocateCardInstanceId_SkipsExistingIds" fullname="KLTN.Game.Domain.Tests.ExtendedAbilityEffectTests.AllocateCardInstanceId_SkipsExistingIds" methodname="AllocateCardInstanceId_SkipsExistingIds" classname="KLTN.Game.Domain.Tests.ExtendedAbilityEffectTests" runstate="Runnable" seed="275588821" result="Passed" start-time="2026-09-14 01:08:32Z" end-time="2026-09-14 01:08:32Z" duration="0.001235" asserts="0">
                  <properties>
                    <property name="retryIteration" value="0" />
                    <property name="repeatIteration" value="0" />
                  </properties>
                </test-case>
                <test-case id="1042" name="CopyRandomDeadAlly_CreatesNewHandInstance" fullname="KLTN.Game.Domain.Tests.ExtendedAbilityEffectTests.CopyRandomDeadAlly_CreatesNewHandInstance" methodname="CopyRandomDeadAlly_CreatesNewHandInstance" classname="KLTN.Game.Domain.Tests.ExtendedAbilityEffectTests" runstate="Runnable" seed="1655590155" result="Passed" start-time="2026-09-14 01:08:32Z" end-time="2026-09-14 01:08:32Z" duration="0.005059" asserts="0">
                  <properties>
                    <property name="retryIteration" value="0" />
                    <property name="repeatIteration" value="0" />
                  </properties>
                </test-case>
                <test-case id="1045" name="HalfNexus_RoundsRemainingHealthUp" fullname="KLTN.Game.Domain.Tests.ExtendedAbilityEffectTests.HalfNexus_RoundsRemainingHealthUp" methodname="HalfNexus_RoundsRemainingHealthUp" classname="KLTN.Game.Domain.Tests.ExtendedAbilityEffectTests" runstate="Runnable" seed="633328925" result="Passed" start-time="2026-09-14 01:08:32Z" end-time="2026-09-14 01:08:32Z" duration="0.000719" asserts="0">
                  <properties>
                    <property name="retryIteration" value="0" />
                    <property name="repeatIteration" value="0" />
                  </properties>
                </test-case>
                <test-case id="1044" name="KillAllUnits_MovesBothSidesToGraveyard" fullname="KLTN.Game.Domain.Tests.ExtendedAbilityEffectTests.KillAllUnits_MovesBothSidesToGraveyard" methodname="KillAllUnits_MovesBothSidesToGraveyard" classname="KLTN.Game.Domain.Tests.ExtendedAbilityEffectTests" runstate="Runnable" seed="1266029810" result="Passed" start-time="2026-09-14 01:08:32Z" end-time="2026-09-14 01:08:32Z" duration="0.001918" asserts="0">
                  <properties>
                    <property name="retryIteration" value="0" />
                    <property name="repeatIteration" value="0" />
                  </properties>
                </test-case>
                <test-case id="1037" name="ReduceCost_IsUsedWhenSummoning" fullname="KLTN.Game.Domain.Tests.ExtendedAbilityEffectTests.ReduceCost_IsUsedWhenSummoning" methodname="ReduceCost_IsUsedWhenSummoning" classname="KLTN.Game.Domain.Tests.ExtendedAbilityEffectTests" runstate="Runnable" seed="1600777657" result="Passed" start-time="2026-09-14 01:08:32Z" end-time="2026-09-14 01:08:32Z" duration="0.001165" asserts="0">
                  <properties>
                    <property name="retryIteration" value="0" />
                    <property name="repeatIteration" value="0" />
                  </properties>
                </test-case>
                <test-case id="1039" name="ReturnToDrawHand_ResetsCardToBase" fullname="KLTN.Game.Domain.Tests.ExtendedAbilityEffectTests.ReturnToDrawHand_ResetsCardToBase" methodname="ReturnToDrawHand_ResetsCardToBase" classname="KLTN.Game.Domain.Tests.ExtendedAbilityEffectTests" runstate="Runnable" seed="308482778" result="Passed" start-time="2026-09-14 01:08:32Z" end-time="2026-09-14 01:08:32Z" duration="0.001551" asserts="0">
                  <properties>
                    <property name="retryIteration" value="0" />
                    <property name="repeatIteration" value="0" />
                  </properties>
                </test-case>
                <test-case id="1040" name="ReturnToReserve_MovesBoardCardWithoutReset" fullname="KLTN.Game.Domain.Tests.ExtendedAbilityEffectTests.ReturnToReserve_MovesBoardCardWithoutReset" methodname="ReturnToReserve_MovesBoardCardWithoutReset" classname="KLTN.Game.Domain.Tests.ExtendedAbilityEffectTests" runstate="Runnable" seed="217020698" result="Passed" start-time="2026-09-14 01:08:32Z" end-time="2026-09-14 01:08:32Z" duration="0.001121" asserts="0">
                  <properties>
                    <property name="retryIteration" value="0" />
                    <property name="repeatIteration" value="0" />
                  </properties>
                </test-case>
                <test-case id="1041" name="ReviveStrongestDeadAlly_UsesDamageThenHealth" fullname="KLTN.Game.Domain.Tests.ExtendedAbilityEffectTests.ReviveStrongestDeadAlly_UsesDamageThenHealth" methodname="ReviveStrongestDeadAlly_UsesDamageThenHealth" classname="KLTN.Game.Domain.Tests.ExtendedAbilityEffectTests" runstate="Runnable" seed="1998521330" result="Passed" start-time="2026-09-14 01:08:32Z" end-time="2026-09-14 01:08:32Z" duration="0.003696" asserts="0">
                  <properties>
                    <property name="retryIteration" value="0" />
                    <property name="repeatIteration" value="0" />
                  </properties>
                </test-case>
                <test-case id="1043" name="Summon_StopsAtActiveRosterCapacity" fullname="KLTN.Game.Domain.Tests.ExtendedAbilityEffectTests.Summon_StopsAtActiveRosterCapacity" methodname="Summon_StopsAtActiveRosterCapacity" classname="KLTN.Game.Domain.Tests.ExtendedAbilityEffectTests" runstate="Runnable" seed="702804418" result="Passed" start-time="2026-09-14 01:08:32Z" end-time="2026-09-14 01:08:32Z" duration="0.001328" asserts="0">
                  <properties>
                    <property name="retryIteration" value="0" />
                    <property name="repeatIteration" value="0" />
                  </properties>
                </test-case>
                <test-case id="1038" name="ThisRoundCostReduction_IsCleared" fullname="KLTN.Game.Domain.Tests.ExtendedAbilityEffectTests.ThisRoundCostReduction_IsCleared" methodname="ThisRoundCostReduction_IsCleared" classname="KLTN.Game.Domain.Tests.ExtendedAbilityEffectTests" runstate="Runnable" seed="282122990" result="Passed" start-time="2026-09-14 01:08:32Z" end-time="2026-09-14 01:08:32Z" duration="0.000450" asserts="0">
                  <properties>
                    <property name="retryIteration" value="0" />
                    <property name="repeatIteration" value="0" />
                  </properties>
                </test-case>
              </test-suite>
              <test-suite type="TestFixture" id="1046" name="MatchFactoryTests" fullname="KLTN.Game.Domain.Tests.MatchFactoryTests" classname="KLTN.Game.Domain.Tests.MatchFactoryTests" runstate="Runnable" testcasecount="3" result="Passed" start-time="2026-09-14 01:08:32Z" end-time="2026-09-14 01:08:32Z" duration="0.008051" total="3" passed="3" failed="0" inconclusive="0" skipped="0" asserts="0">
                <properties />
                <test-case id="1048" name="Create_AssignsUniqueInstanceIds" fullname="KLTN.Game.Domain.Tests.MatchFactoryTests.Create_AssignsUniqueInstanceIds" methodname="Create_AssignsUniqueInstanceIds" classname="KLTN.Game.Domain.Tests.MatchFactoryTests" runstate="Runnable" seed="1048825592" result="Passed" start-time="2026-09-14 01:08:32Z" end-time="2026-09-14 01:08:32Z" duration="0.004704" asserts="0">
                  <properties>
                    <property name="retryIteration" value="0" />
                    <property name="repeatIteration" value="0" />
                  </properties>
                </test-case>
                <test-case id="1047" name="Create_DealsOpeningHandToBothPlayers" fullname="KLTN.Game.Domain.Tests.MatchFactoryTests.Create_DealsOpeningHandToBothPlayers" methodname="Create_DealsOpeningHandToBothPlayers" classname="KLTN.Game.Domain.Tests.MatchFactoryTests" runstate="Runnable" seed="1156399689" result="Passed" start-time="2026-09-14 01:08:32Z" end-time="2026-09-14 01:08:32Z" duration="0.000691" asserts="0">
                  <properties>
                    <property name="retryIteration" value="0" />
                    <property name="repeatIteration" value="0" />
                  </properties>
                </test-case>
                <test-case id="1049" name="DamageOnOneInstance_DoesNotChangeAnotherInstance" fullname="KLTN.Game.Domain.Tests.MatchFactoryTests.DamageOnOneInstance_DoesNotChangeAnotherInstance" methodname="DamageOnOneInstance_DoesNotChangeAnotherInstance" classname="KLTN.Game.Domain.Tests.MatchFactoryTests" runstate="Runnable" seed="1343922749" result="Passed" start-time="2026-09-14 01:08:32Z" end-time="2026-09-14 01:08:32Z" duration="0.000572" asserts="0">
                  <properties>
                    <property name="retryIteration" value="0" />
                    <property name="repeatIteration" value="0" />
                  </properties>
                </test-case>
              </test-suite>
              <test-suite type="TestFixture" id="1050" name="MatchRulesEngineTests" fullname="KLTN.Game.Domain.Tests.MatchRulesEngineTests" classname="KLTN.Game.Domain.Tests.MatchRulesEngineTests" runstate="Runnable" testcasecount="18" result="Passed" start-time="2026-09-14 01:08:32Z" end-time="2026-09-14 01:08:32Z" duration="0.030444" total="18" passed="18" failed="0" inconclusive="0" skipped="0" asserts="0">
                <properties />
                <test-case id="1068" name="AttackOwner_CannotSubmitBlockDeclaration" fullname="KLTN.Game.Domain.Tests.MatchRulesEngineTests.AttackOwner_CannotSubmitBlockDeclaration" methodname="AttackOwner_CannotSubmitBlockDeclaration" classname="KLTN.Game.Domain.Tests.MatchRulesEngineTests" runstate="Runnable" seed="1712599480" result="Passed" start-time="2026-09-14 01:08:32Z" end-time="2026-09-14 01:08:32Z" duration="0.004750" asserts="0">
                  <properties>
                    <property name="retryIteration" value="0" />
                    <property name="repeatIteration" value="0" />
                  </properties>
                </test-case>
                <test-case id="1067" name="BlockerOnSlotWithoutAttacker_IsRejectedAtomically" fullname="KLTN.Game.Domain.Tests.MatchRulesEngineTests.BlockerOnSlotWithoutAttacker_IsRejectedAtomically" methodname="BlockerOnSlotWithoutAttacker_IsRejectedAtomically" classname="KLTN.Game.Domain.Tests.MatchRulesEngineTests" runstate="Runnable" seed="694283575" result="Passed" start-time="2026-09-14 01:08:32Z" end-time="2026-09-14 01:08:32Z" duration="0.000850" asserts="0">
                  <properties>
                    <property name="retryIteration" value="0" />
                    <property name="repeatIteration" value="0" />
                  </properties>
                </test-case>
                <test-case id="1064" name="CommandOutsidePriorityPhase_IsRejected" fullname="KLTN.Game.Domain.Tests.MatchRulesEngineTests.CommandOutsidePriorityPhase_IsRejected" methodname="CommandOutsidePriorityPhase_IsRejected" classname="KLTN.Game.Domain.Tests.MatchRulesEngineTests" runstate="Runnable" seed="549421925" result="Passed" start-time="2026-09-14 01:08:32Z" end-time="2026-09-14 01:08:32Z" duration="0.000496" asserts="0">
                  <properties>
                    <property name="retryIteration" value="0" />
                    <property name="repeatIteration" value="0" />
                  </properties>
                </test-case>
                <test-case id="1057" name="DeclareAttack_ByNonTokenOwner_IsRejected" fullname="KLTN.Game.Domain.Tests.MatchRulesEngineTests.DeclareAttack_ByNonTokenOwner_IsRejected" methodname="DeclareAttack_ByNonTokenOwner_IsRejected" classname="KLTN.Game.Domain.Tests.MatchRulesEngineTests" runstate="Runnable" seed="1653861675" result="Passed" start-time="2026-09-14 01:08:32Z" end-time="2026-09-14 01:08:32Z" duration="0.000683" asserts="0">
                  <properties>
                    <property name="retryIteration" value="0" />
                    <property name="repeatIteration" value="0" />
                  </properties>
                </test-case>
                <test-case id="1056" name="DeclareAttack_MovesCardsToSlotsAndBeginsBlocking" fullname="KLTN.Game.Domain.Tests.MatchRulesEngineTests.DeclareAttack_MovesCardsToSlotsAndBeginsBlocking" methodname="DeclareAttack_MovesCardsToSlotsAndBeginsBlocking" classname="KLTN.Game.Domain.Tests.MatchRulesEngineTests" runstate="Runnable" seed="1869854119" result="Passed" start-time="2026-09-14 01:08:32Z" end-time="2026-09-14 01:08:32Z" duration="0.000770" asserts="0">
                  <properties>
                    <property name="retryIteration" value="0" />
                    <property name="repeatIteration" value="0" />
                  </properties>
                </test-case>
                <test-case id="1058" name="DeclareAttack_WithDuplicateCard_IsAtomicAndRejected" fullname="KLTN.Game.Domain.Tests.MatchRulesEngineTests.DeclareAttack_WithDuplicateCard_IsAtomicAndRejected" methodname="DeclareAttack_WithDuplicateCard_IsAtomicAndRejected" classname="KLTN.Game.Domain.Tests.MatchRulesEngineTests" runstate="Runnable" seed="1383215702" result="Passed" start-time="2026-09-14 01:08:32Z" end-time="2026-09-14 01:08:32Z" duration="0.001617" asserts="0">
                  <properties>
                    <property name="retryIteration" value="0" />
                    <property name="repeatIteration" value="0" />
                  </properties>
                </test-case>
                <test-case id="1059" name="DeclareAttack_WithoutCards_IsRejected" fullname="KLTN.Game.Domain.Tests.MatchRulesEngineTests.DeclareAttack_WithoutCards_IsRejected" methodname="DeclareAttack_WithoutCards_IsRejected" classname="KLTN.Game.Domain.Tests.MatchRulesEngineTests" runstate="Runnable" seed="1944410670" result="Passed" start-time="2026-09-14 01:08:32Z" end-time="2026-09-14 01:08:32Z" duration="0.000539" asserts="0">
                  <properties>
                    <property name="retryIteration" value="0" />
                    <property name="repeatIteration" value="0" />
                  </properties>
                </test-case>
                <test-case id="1065" name="DeclareBlock_OnAttackerSlot_ResolvesUnitCombat" fullname="KLTN.Game.Domain.Tests.MatchRulesEngineTests.DeclareBlock_OnAttackerSlot_ResolvesUnitCombat" methodname="DeclareBlock_OnAttackerSlot_ResolvesUnitCombat" classname="KLTN.Game.Domain.Tests.MatchRulesEngineTests" runstate="Runnable" seed="1237335125" result="Passed" start-time="2026-09-14 01:08:32Z" end-time="2026-09-14 01:08:32Z" duration="0.001893" asserts="0">
                  <properties>
                    <property name="retryIteration" value="0" />
                    <property name="repeatIteration" value="0" />
                  </properties>
                </test-case>
                <test-case id="1066" name="EmptyBlockDeclaration_AllowsDirectNexusAttack" fullname="KLTN.Game.Domain.Tests.MatchRulesEngineTests.EmptyBlockDeclaration_AllowsDirectNexusAttack" methodname="EmptyBlockDeclaration_AllowsDirectNexusAttack" classname="KLTN.Game.Domain.Tests.MatchRulesEngineTests" runstate="Runnable" seed="349590644" result="Passed" start-time="2026-09-14 01:08:32Z" end-time="2026-09-14 01:08:32Z" duration="0.001352" asserts="0">
                  <properties>
                    <property name="retryIteration" value="0" />
                    <property name="repeatIteration" value="0" />
                  </properties>
                </test-case>
                <test-case id="1062" name="EverySecondCompletedRound_DrawsAndRefillsMana" fullname="KLTN.Game.Domain.Tests.MatchRulesEngineTests.EverySecondCompletedRound_DrawsAndRefillsMana" methodname="EverySecondCompletedRound_DrawsAndRefillsMana" classname="KLTN.Game.Domain.Tests.MatchRulesEngineTests" runstate="Runnable" seed="250490241" result="Passed" start-time="2026-09-14 01:08:32Z" end-time="2026-09-14 01:08:32Z" duration="0.001029" asserts="0">
                  <properties>
                    <property name="retryIteration" value="0" />
                    <property name="repeatIteration" value="0" />
                  </properties>
                </test-case>
                <test-case id="1051" name="FirstPass_TransfersPriorityAndOffersEndRound" fullname="KLTN.Game.Domain.Tests.MatchRulesEngineTests.FirstPass_TransfersPriorityAndOffersEndRound" methodname="FirstPass_TransfersPriorityAndOffersEndRound" classname="KLTN.Game.Domain.Tests.MatchRulesEngineTests" runstate="Runnable" seed="217876603" result="Passed" start-time="2026-09-14 01:08:32Z" end-time="2026-09-14 01:08:32Z" duration="0.000689" asserts="0">
                  <properties>
                    <property name="retryIteration" value="0" />
                    <property name="repeatIteration" value="0" />
                  </properties>
                </test-case>
                <test-case id="1053" name="NonPassActionAfterPass_ResetsPassChain" fullname="KLTN.Game.Domain.Tests.MatchRulesEngineTests.NonPassActionAfterPass_ResetsPassChain" methodname="NonPassActionAfterPass_ResetsPassChain" classname="KLTN.Game.Domain.Tests.MatchRulesEngineTests" runstate="Runnable" seed="951525429" result="Passed" start-time="2026-09-14 01:08:32Z" end-time="2026-09-14 01:08:32Z" duration="0.000831" asserts="0">
                  <properties>
                    <property name="retryIteration" value="0" />
                    <property name="repeatIteration" value="0" />
                  </properties>
                </test-case>
                <test-case id="1060" name="RejectedAction_DoesNotBreakPassChain" fullname="KLTN.Game.Domain.Tests.MatchRulesEngineTests.RejectedAction_DoesNotBreakPassChain" methodname="RejectedAction_DoesNotBreakPassChain" classname="KLTN.Game.Domain.Tests.MatchRulesEngineTests" runstate="Runnable" seed="1356650447" result="Passed" start-time="2026-09-14 01:08:32Z" end-time="2026-09-14 01:08:32Z" duration="0.000795" asserts="0">
                  <properties>
                    <property name="retryIteration" value="0" />
                    <property name="repeatIteration" value="0" />
                  </properties>
                </test-case>
                <test-case id="1052" name="SecondConsecutivePass_EndsRoundAndAlternatesToken" fullname="KLTN.Game.Domain.Tests.MatchRulesEngineTests.SecondConsecutivePass_EndsRoundAndAlternatesToken" methodname="SecondConsecutivePass_EndsRoundAndAlternatesToken" classname="KLTN.Game.Domain.Tests.MatchRulesEngineTests" runstate="Runnable" seed="1057809074" result="Passed" start-time="2026-09-14 01:08:32Z" end-time="2026-09-14 01:08:32Z" duration="0.000830" asserts="0">
                  <properties>
                    <property name="retryIteration" value="0" />
                    <property name="repeatIteration" value="0" />
                  </properties>
                </test-case>
                <test-case id="1061" name="Summon_WhenActiveRosterIsFull_IsRejected" fullname="KLTN.Game.Domain.Tests.MatchRulesEngineTests.Summon_WhenActiveRosterIsFull_IsRejected" methodname="Summon_WhenActiveRosterIsFull_IsRejected" classname="KLTN.Game.Domain.Tests.MatchRulesEngineTests" runstate="Runnable" seed="944218536" result="Passed" start-time="2026-09-14 01:08:32Z" end-time="2026-09-14 01:08:32Z" duration="0.000938" asserts="0">
                  <properties>
                    <property name="retryIteration" value="0" />
                    <property name="repeatIteration" value="0" />
                  </properties>
                </test-case>
                <test-case id="1055" name="TwoPostCombatPasses_ReturnSurvivorsAndStartNextRound" fullname="KLTN.Game.Domain.Tests.MatchRulesEngineTests.TwoPostCombatPasses_ReturnSurvivorsAndStartNextRound" methodname="TwoPostCombatPasses_ReturnSurvivorsAndStartNextRound" classname="KLTN.Game.Domain.Tests.MatchRulesEngineTests" runstate="Runnable" seed="1299198774" result="Passed" start-time="2026-09-14 01:08:32Z" end-time="2026-09-14 01:08:32Z" duration="0.002533" asserts="0">
                  <properties>
                    <property name="retryIteration" value="0" />
                    <property name="repeatIteration" value="0" />
                  </properties>
                </test-case>
                <test-case id="1054" name="TwoSummonActions_DoNotResolveCombat" fullname="KLTN.Game.Domain.Tests.MatchRulesEngineTests.TwoSummonActions_DoNotResolveCombat" methodname="TwoSummonActions_DoNotResolveCombat" classname="KLTN.Game.Domain.Tests.MatchRulesEngineTests" runstate="Runnable" seed="299425286" result="Passed" start-time="2026-09-14 01:08:32Z" end-time="2026-09-14 01:08:32Z" duration="0.001425" asserts="0">
                  <properties>
                    <property name="retryIteration" value="0" />
                    <property name="repeatIteration" value="0" />
                  </properties>
                </test-case>
                <test-case id="1063" name="WrongActor_IsRejectedWithoutChangingPriority" fullname="KLTN.Game.Domain.Tests.MatchRulesEngineTests.WrongActor_IsRejectedWithoutChangingPriority" methodname="WrongActor_IsRejectedWithoutChangingPriority" classname="KLTN.Game.Domain.Tests.MatchRulesEngineTests" runstate="Runnable" seed="1430470875" result="Passed" start-time="2026-09-14 01:08:32Z" end-time="2026-09-14 01:08:32Z" duration="0.000611" asserts="0">
                  <properties>
                    <property name="retryIteration" value="0" />
                    <property name="repeatIteration" value="0" />
                  </properties>
                </test-case>
              </test-suite>
              <test-suite type="TestFixture" id="1069" name="MatchStateFoundationTests" fullname="KLTN.Game.Domain.Tests.MatchStateFoundationTests" classname="KLTN.Game.Domain.Tests.MatchStateFoundationTests" runstate="Runnable" testcasecount="10" result="Passed" start-time="2026-09-14 01:08:32Z" end-time="2026-09-14 01:08:32Z" duration="0.017402" total="10" passed="10" failed="0" inconclusive="0" skipped="0" asserts="0">
                <properties />
                <test-case id="1078" name="BeginFirstRound_InitializesPriorityAndAttackToken" fullname="KLTN.Game.Domain.Tests.MatchStateFoundationTests.BeginFirstRound_InitializesPriorityAndAttackToken" methodname="BeginFirstRound_InitializesPriorityAndAttackToken" classname="KLTN.Game.Domain.Tests.MatchStateFoundationTests" runstate="Runnable" seed="1366693159" result="Passed" start-time="2026-09-14 01:08:32Z" end-time="2026-09-14 01:08:32Z" duration="0.000607" asserts="0">
                  <properties>
                    <property name="retryIteration" value="0" />
                    <property name="repeatIteration" value="0" />
                  </properties>
                </test-case>
                <test-case id="1079" name="BeginFirstRound_IsIdempotent" fullname="KLTN.Game.Domain.Tests.MatchStateFoundationTests.BeginFirstRound_IsIdempotent" methodname="BeginFirstRound_IsIdempotent" classname="KLTN.Game.Domain.Tests.MatchStateFoundationTests" runstate="Runnable" seed="1130820580" result="Passed" start-time="2026-09-14 01:08:32Z" end-time="2026-09-14 01:08:32Z" duration="0.000444" asserts="0">
                  <properties>
                    <property name="retryIteration" value="0" />
                    <property name="repeatIteration" value="0" />
                  </properties>
                </test-case>
                <test-case id="1077" name="BeginFirstRound_RequiresCompletedMulligan" fullname="KLTN.Game.Domain.Tests.MatchStateFoundationTests.BeginFirstRound_RequiresCompletedMulligan" methodname="BeginFirstRound_RequiresCompletedMulligan" classname="KLTN.Game.Domain.Tests.MatchStateFoundationTests" runstate="Runnable" seed="1423421538" result="Passed" start-time="2026-09-14 01:08:32Z" end-time="2026-09-14 01:08:32Z" duration="0.007026" asserts="0">
                  <properties>
                    <property name="retryIteration" value="0" />
                    <property name="repeatIteration" value="0" />
                  </properties>
                </test-case>
                <test-case id="1076" name="MatchState_StartsInMulliganWithoutAvailableToken" fullname="KLTN.Game.Domain.Tests.MatchStateFoundationTests.MatchState_StartsInMulliganWithoutAvailableToken" methodname="MatchState_StartsInMulliganWithoutAvailableToken" classname="KLTN.Game.Domain.Tests.MatchStateFoundationTests" runstate="Runnable" seed="964862414" result="Passed" start-time="2026-09-14 01:08:32Z" end-time="2026-09-14 01:08:32Z" duration="0.000515" asserts="0">
                  <properties>
                    <property name="retryIteration" value="0" />
                    <property name="repeatIteration" value="0" />
                  </properties>
                </test-case>
                <test-case id="1071" name="MoveDrawHandCardToReserve_RejectsFifthActiveUnit" fullname="KLTN.Game.Domain.Tests.MatchStateFoundationTests.MoveDrawHandCardToReserve_RejectsFifthActiveUnit" methodname="MoveDrawHandCardToReserve_RejectsFifthActiveUnit" classname="KLTN.Game.Domain.Tests.MatchStateFoundationTests" runstate="Runnable" seed="882839232" result="Passed" start-time="2026-09-14 01:08:32Z" end-time="2026-09-14 01:08:32Z" duration="0.000675" asserts="0">
                  <properties>
                    <property name="retryIteration" value="0" />
                    <property name="repeatIteration" value="0" />
                  </properties>
                </test-case>
                <test-case id="1070" name="MoveDrawHandCardToReserve_UpdatesZoneAndCollections" fullname="KLTN.Game.Domain.Tests.MatchStateFoundationTests.MoveDrawHandCardToReserve_UpdatesZoneAndCollections" methodname="MoveDrawHandCardToReserve_UpdatesZoneAndCollections" classname="KLTN.Game.Domain.Tests.MatchStateFoundationTests" runstate="Runnable" seed="864639302" result="Passed" start-time="2026-09-14 01:08:32Z" end-time="2026-09-14 01:08:32Z" duration="0.000647" asserts="0">
                  <properties>
                    <property name="retryIteration" value="0" />
                    <property name="repeatIteration" value="0" />
                  </properties>
                </test-case>
                <test-case id="1072" name="MoveReserveCardToBoard_PreservesActiveRosterCount" fullname="KLTN.Game.Domain.Tests.MatchStateFoundationTests.MoveReserveCardToBoard_PreservesActiveRosterCount" methodname="MoveReserveCardToBoard_PreservesActiveRosterCount" classname="KLTN.Game.Domain.Tests.MatchStateFoundationTests" runstate="Runnable" seed="791788947" result="Passed" start-time="2026-09-14 01:08:32Z" end-time="2026-09-14 01:08:32Z" duration="0.000983" asserts="0">
                  <properties>
                    <property name="retryIteration" value="0" />
                    <property name="repeatIteration" value="0" />
                  </properties>
                </test-case>
                <test-case id="1073" name="MoveReserveCardToBoard_RejectsOccupiedSlot" fullname="KLTN.Game.Domain.Tests.MatchStateFoundationTests.MoveReserveCardToBoard_RejectsOccupiedSlot" methodname="MoveReserveCardToBoard_RejectsOccupiedSlot" classname="KLTN.Game.Domain.Tests.MatchStateFoundationTests" runstate="Runnable" seed="1228562732" result="Passed" start-time="2026-09-14 01:08:32Z" end-time="2026-09-14 01:08:32Z" duration="0.000666" asserts="0">
                  <properties>
                    <property name="retryIteration" value="0" />
                    <property name="repeatIteration" value="0" />
                  </properties>
                </test-case>
                <test-case id="1075" name="ReturnBoardCardsToReserve_MovesDeadCardToGraveyard" fullname="KLTN.Game.Domain.Tests.MatchStateFoundationTests.ReturnBoardCardsToReserve_MovesDeadCardToGraveyard" methodname="ReturnBoardCardsToReserve_MovesDeadCardToGraveyard" classname="KLTN.Game.Domain.Tests.MatchStateFoundationTests" runstate="Runnable" seed="902631279" result="Passed" start-time="2026-09-14 01:08:32Z" end-time="2026-09-14 01:08:32Z" duration="0.000681" asserts="0">
                  <properties>
                    <property name="retryIteration" value="0" />
                    <property name="repeatIteration" value="0" />
                  </properties>
                </test-case>
                <test-case id="1074" name="ReturnBoardCardsToReserve_PreservesSlotOrder" fullname="KLTN.Game.Domain.Tests.MatchStateFoundationTests.ReturnBoardCardsToReserve_PreservesSlotOrder" methodname="ReturnBoardCardsToReserve_PreservesSlotOrder" classname="KLTN.Game.Domain.Tests.MatchStateFoundationTests" runstate="Runnable" seed="695754753" result="Passed" start-time="2026-09-14 01:08:32Z" end-time="2026-09-14 01:08:32Z" duration="0.001202" asserts="0">
                  <properties>
                    <property name="retryIteration" value="0" />
                    <property name="repeatIteration" value="0" />
                  </properties>
                </test-case>
              </test-suite>
              <test-suite type="TestFixture" id="1080" name="PendingAbilitySelectionTests" fullname="KLTN.Game.Domain.Tests.PendingAbilitySelectionTests" classname="KLTN.Game.Domain.Tests.PendingAbilitySelectionTests" runstate="Runnable" testcasecount="2" result="Passed" start-time="2026-09-14 01:08:32Z" end-time="2026-09-14 01:08:32Z" duration="0.002861" total="2" passed="2" failed="0" inconclusive="0" skipped="0" asserts="0">
                <properties />
                <test-case id="1082" name="CloseSelection_RequiresMatchingRequestId" fullname="KLTN.Game.Domain.Tests.PendingAbilitySelectionTests.CloseSelection_RequiresMatchingRequestId" methodname="CloseSelection_RequiresMatchingRequestId" classname="KLTN.Game.Domain.Tests.PendingAbilitySelectionTests" runstate="Runnable" seed="776779549" result="Passed" start-time="2026-09-14 01:08:32Z" end-time="2026-09-14 01:08:32Z" duration="0.000941" asserts="0">
                  <properties>
                    <property name="retryIteration" value="0" />
                    <property name="repeatIteration" value="0" />
                  </properties>
                </test-case>
                <test-case id="1081" name="OpenSelection_ChangesPhaseAndStoresRequest" fullname="KLTN.Game.Domain.Tests.PendingAbilitySelectionTests.OpenSelection_ChangesPhaseAndStoresRequest" methodname="OpenSelection_ChangesPhaseAndStoresRequest" classname="KLTN.Game.Domain.Tests.PendingAbilitySelectionTests" runstate="Runnable" seed="1183954006" result="Passed" start-time="2026-09-14 01:08:32Z" end-time="2026-09-14 01:08:32Z" duration="0.000539" asserts="0">
                  <properties>
                    <property name="retryIteration" value="0" />
                    <property name="repeatIteration" value="0" />
                  </properties>
                </test-case>
              </test-suite>
              <test-suite type="TestFixture" id="1083" name="RoundHistoryTests" fullname="KLTN.Game.Domain.Tests.RoundHistoryTests" classname="KLTN.Game.Domain.Tests.RoundHistoryTests" runstate="Runnable" testcasecount="3" result="Passed" start-time="2026-09-14 01:08:32Z" end-time="2026-09-14 01:08:32Z" duration="0.002736" total="3" passed="3" failed="0" inconclusive="0" skipped="0" asserts="0">
                <properties />
                <test-case id="1085" name="AdvanceRound_MovesCurrentDeathsToPrevious" fullname="KLTN.Game.Domain.Tests.RoundHistoryTests.AdvanceRound_MovesCurrentDeathsToPrevious" methodname="AdvanceRound_MovesCurrentDeathsToPrevious" classname="KLTN.Game.Domain.Tests.RoundHistoryTests" runstate="Runnable" seed="270718198" result="Passed" start-time="2026-09-14 01:08:32Z" end-time="2026-09-14 01:08:32Z" duration="0.000443" asserts="0">
                  <properties>
                    <property name="retryIteration" value="0" />
                    <property name="repeatIteration" value="0" />
                  </properties>
                </test-case>
                <test-case id="1084" name="RecordDeath_StoresCurrentRoundSnapshot" fullname="KLTN.Game.Domain.Tests.RoundHistoryTests.RecordDeath_StoresCurrentRoundSnapshot" methodname="RecordDeath_StoresCurrentRoundSnapshot" classname="KLTN.Game.Domain.Tests.RoundHistoryTests" runstate="Runnable" seed="1644569904" result="Passed" start-time="2026-09-14 01:08:32Z" end-time="2026-09-14 01:08:32Z" duration="0.000436" asserts="0">
                  <properties>
                    <property name="retryIteration" value="0" />
                    <property name="repeatIteration" value="0" />
                  </properties>
                </test-case>
                <test-case id="1086" name="SameCard_CanDieMoreThanOnceInOneRound" fullname="KLTN.Game.Domain.Tests.RoundHistoryTests.SameCard_CanDieMoreThanOnceInOneRound" methodname="SameCard_CanDieMoreThanOnceInOneRound" classname="KLTN.Game.Domain.Tests.RoundHistoryTests" runstate="Runnable" seed="1367533400" result="Passed" start-time="2026-09-14 01:08:32Z" end-time="2026-09-14 01:08:32Z" duration="0.000366" asserts="0">
                  <properties>
                    <property name="retryIteration" value="0" />
                    <property name="repeatIteration" value="0" />
                  </properties>
                </test-case>
              </test-suite>
              <test-suite type="TestFixture" id="1087" name="SeatIdTests" fullname="KLTN.Game.Domain.Tests.SeatIdTests" classname="KLTN.Game.Domain.Tests.SeatIdTests" runstate="Runnable" testcasecount="2" result="Passed" start-time="2026-09-14 01:08:32Z" end-time="2026-09-14 01:08:32Z" duration="0.001571" total="2" passed="2" failed="0" inconclusive="0" skipped="0" asserts="0">
                <properties />
                <test-case id="1089" name="GuestOpponent_IsHost" fullname="KLTN.Game.Domain.Tests.SeatIdTests.GuestOpponent_IsHost" methodname="GuestOpponent_IsHost" classname="KLTN.Game.Domain.Tests.SeatIdTests" runstate="Runnable" seed="943405343" result="Passed" start-time="2026-09-14 01:08:32Z" end-time="2026-09-14 01:08:32Z" duration="0.000277" asserts="0">
                  <properties>
                    <property name="retryIteration" value="0" />
                    <property name="repeatIteration" value="0" />
                  </properties>
                </test-case>
                <test-case id="1088" name="HostOpponent_IsGuest" fullname="KLTN.Game.Domain.Tests.SeatIdTests.HostOpponent_IsGuest" methodname="HostOpponent_IsGuest" classname="KLTN.Game.Domain.Tests.SeatIdTests" runstate="Runnable" seed="2086807282" result="Passed" start-time="2026-09-14 01:08:32Z" end-time="2026-09-14 01:08:32Z" duration="0.000218" asserts="0">
                  <properties>
                    <property name="retryIteration" value="0" />
                    <property name="repeatIteration" value="0" />
                  </properties>
                </test-case>
              </test-suite>
              <test-suite type="TestFixture" id="1090" name="UnitPassiveRuleTests" fullname="KLTN.Game.Domain.Tests.UnitPassiveRuleTests" classname="KLTN.Game.Domain.Tests.UnitPassiveRuleTests" runstate="Runnable" testcasecount="6" result="Passed" start-time="2026-09-14 01:08:32Z" end-time="2026-09-14 01:08:32Z" duration="0.008381" total="6" passed="6" failed="0" inconclusive="0" skipped="0" asserts="0">
                <properties />
                <test-case id="1091" name="EffectiveCost_CountsAlliedDeathsThisGame" fullname="KLTN.Game.Domain.Tests.UnitPassiveRuleTests.EffectiveCost_CountsAlliedDeathsThisGame" methodname="EffectiveCost_CountsAlliedDeathsThisGame" classname="KLTN.Game.Domain.Tests.UnitPassiveRuleTests" runstate="Runnable" seed="414568080" result="Passed" start-time="2026-09-14 01:08:32Z" end-time="2026-09-14 01:08:32Z" duration="0.001277" asserts="0">
                  <properties>
                    <property name="retryIteration" value="0" />
                    <property name="repeatIteration" value="0" />
                  </properties>
                </test-case>
                <test-case id="1094" name="GraveyardJoin_FillsEmptyAttackSlot" fullname="KLTN.Game.Domain.Tests.UnitPassiveRuleTests.GraveyardJoin_FillsEmptyAttackSlot" methodname="GraveyardJoin_FillsEmptyAttackSlot" classname="KLTN.Game.Domain.Tests.UnitPassiveRuleTests" runstate="Runnable" seed="1748105342" result="Passed" start-time="2026-09-14 01:08:32Z" end-time="2026-09-14 01:08:32Z" duration="0.001220" asserts="0">
                  <properties>
                    <property name="retryIteration" value="0" />
                    <property name="repeatIteration" value="0" />
                  </properties>
                </test-case>
                <test-case id="1095" name="GraveyardJoin_RequiresEphemeralAttacker" fullname="KLTN.Game.Domain.Tests.UnitPassiveRuleTests.GraveyardJoin_RequiresEphemeralAttacker" methodname="GraveyardJoin_RequiresEphemeralAttacker" classname="KLTN.Game.Domain.Tests.UnitPassiveRuleTests" runstate="Runnable" seed="1855888439" result="Passed" start-time="2026-09-14 01:08:32Z" end-time="2026-09-14 01:08:32Z" duration="0.000478" asserts="0">
                  <properties>
                    <property name="retryIteration" value="0" />
                    <property name="repeatIteration" value="0" />
                  </properties>
                </test-case>
                <test-case id="1096" name="KillThenRevive_ResolvesInOneAbility" fullname="KLTN.Game.Domain.Tests.UnitPassiveRuleTests.KillThenRevive_ResolvesInOneAbility" methodname="KillThenRevive_ResolvesInOneAbility" classname="KLTN.Game.Domain.Tests.UnitPassiveRuleTests" runstate="Runnable" seed="976862946" result="Passed" start-time="2026-09-14 01:08:32Z" end-time="2026-09-14 01:08:32Z" duration="0.000968" asserts="0">
                  <properties>
                    <property name="retryIteration" value="0" />
                    <property name="repeatIteration" value="0" />
                  </properties>
                </test-case>
                <test-case id="1092" name="OncePerMatch_DoesNotResetNextRound" fullname="KLTN.Game.Domain.Tests.UnitPassiveRuleTests.OncePerMatch_DoesNotResetNextRound" methodname="OncePerMatch_DoesNotResetNextRound" classname="KLTN.Game.Domain.Tests.UnitPassiveRuleTests" runstate="Runnable" seed="1255299543" result="Passed" start-time="2026-09-14 01:08:32Z" end-time="2026-09-14 01:08:32Z" duration="0.000987" asserts="0">
                  <properties>
                    <property name="retryIteration" value="0" />
                    <property name="repeatIteration" value="0" />
                  </properties>
                </test-case>
                <test-case id="1093" name="RoundStartRevive_GrantsBonusPerDeath" fullname="KLTN.Game.Domain.Tests.UnitPassiveRuleTests.RoundStartRevive_GrantsBonusPerDeath" methodname="RoundStartRevive_GrantsBonusPerDeath" classname="KLTN.Game.Domain.Tests.UnitPassiveRuleTests" runstate="Runnable" seed="347698247" result="Passed" start-time="2026-09-14 01:08:32Z" end-time="2026-09-14 01:08:32Z" duration="0.001091" asserts="0">
                  <properties>
                    <property name="retryIteration" value="0" />
                    <property name="repeatIteration" value="0" />
                  </properties>
                  <output><![CDATA[Saving results to: C:/Users/kkira/AppData/LocalLow/DefaultCompany/KLTN\TestResults.xml
]]></output>
                </test-case>
              </test-suite>
            </test-suite>
          </test-suite>
        </test-suite>
      </test-suite>
    </test-suite>
  </test-suite>
</test-run>