<?xml version="1.0" encoding="utf-8"?>
<test-run id="2" testcasecount="78" result="Passed" total="78" passed="78" failed="0" inconclusive="0" skipped="0" asserts="0" engine-version="3.5.0.0" clr-version="4.0.30319.42000" start-time="2026-09-13 18:50:38Z" end-time="2026-09-13 18:50:38Z" duration="0.5946688">
  <test-suite type="TestSuite" id="1000" name="KLTN" fullname="KLTN" runstate="Runnable" testcasecount="78" result="Passed" start-time="2026-09-13 18:50:38Z" end-time="2026-09-13 18:50:38Z" duration="0.594669" total="78" passed="78" failed="0" inconclusive="0" skipped="0" asserts="0">
    <properties>
      <property name="platform" value="EditMode" />
    </properties>
    <test-suite type="Assembly" id="1090" name="KLTN.Game.Domain.Tests.dll" fullname="D:/Unity Project/KLTN/Library/ScriptAssemblies/KLTN.Game.Domain.Tests.dll" runstate="Runnable" testcasecount="78" result="Passed" start-time="2026-09-13 18:50:38Z" end-time="2026-09-13 18:50:38Z" duration="0.568724" total="78" passed="78" failed="0" inconclusive="0" skipped="0" asserts="0">
      <properties>
        <property name="_PID" value="38840" />
        <property name="_APPDOMAIN" value="Unity Child Domain" />
        <property name="platform" value="EditMode" />
        <property name="EditorOnly" value="True" />
      </properties>
      <test-suite type="TestSuite" id="1091" name="KLTN" fullname="KLTN" runstate="Runnable" testcasecount="78" result="Passed" start-time="2026-09-13 18:50:38Z" end-time="2026-09-13 18:50:38Z" duration="0.565504" total="78" passed="78" failed="0" inconclusive="0" skipped="0" asserts="0">
        <properties />
        <test-suite type="TestSuite" id="1092" name="Game" fullname="KLTN.Game" runstate="Runnable" testcasecount="78" result="Passed" start-time="2026-09-13 18:50:38Z" end-time="2026-09-13 18:50:38Z" duration="0.563232" total="78" passed="78" failed="0" inconclusive="0" skipped="0" asserts="0">
          <properties />
          <test-suite type="TestSuite" id="1093" name="Domain" fullname="KLTN.Game.Domain" runstate="Runnable" testcasecount="78" result="Passed" start-time="2026-09-13 18:50:38Z" end-time="2026-09-13 18:50:38Z" duration="0.561618" total="78" passed="78" failed="0" inconclusive="0" skipped="0" asserts="0">
            <properties />
            <test-suite type="TestSuite" id="1094" name="Tests" fullname="KLTN.Game.Domain.Tests" runstate="Runnable" testcasecount="78" result="Passed" start-time="2026-09-13 18:50:38Z" end-time="2026-09-13 18:50:38Z" duration="0.559907" total="78" passed="78" failed="0" inconclusive="0" skipped="0" asserts="0">
              <properties />
              <test-suite type="TestFixture" id="1001" name="AbilityDefinitionTests" fullname="KLTN.Game.Domain.Tests.AbilityDefinitionTests" classname="KLTN.Game.Domain.Tests.AbilityDefinitionTests" runstate="Runnable" testcasecount="4" result="Passed" start-time="2026-09-13 18:50:38Z" end-time="2026-09-13 18:50:38Z" duration="0.176225" total="4" passed="4" failed="0" inconclusive="0" skipped="0" asserts="0">
                <properties />
                <test-case id="1004" name="AbilityDefinition_CopiesInputCollections" fullname="KLTN.Game.Domain.Tests.AbilityDefinitionTests.AbilityDefinition_CopiesInputCollections" methodname="AbilityDefinition_CopiesInputCollections" classname="KLTN.Game.Domain.Tests.AbilityDefinitionTests" runstate="Runnable" seed="45780284" result="Passed" start-time="2026-09-13 18:50:38Z" end-time="2026-09-13 18:50:38Z" duration="0.087175" asserts="0">
                  <properties>
                    <property name="retryIteration" value="0" />
                    <property name="repeatIteration" value="0" />
                  </properties>
                </test-case>
                <test-case id="1005" name="CardDefinition_CopiesAbilityCollection" fullname="KLTN.Game.Domain.Tests.AbilityDefinitionTests.CardDefinition_CopiesAbilityCollection" methodname="CardDefinition_CopiesAbilityCollection" classname="KLTN.Game.Domain.Tests.AbilityDefinitionTests" runstate="Runnable" seed="399202387" result="Passed" start-time="2026-09-13 18:50:38Z" end-time="2026-09-13 18:50:38Z" duration="0.006519" asserts="0">
                  <properties>
                    <property name="retryIteration" value="0" />
                    <property name="repeatIteration" value="0" />
                  </properties>
                </test-case>
                <test-case id="1002" name="CardDefinition_DefaultsToNoRules" fullname="KLTN.Game.Domain.Tests.AbilityDefinitionTests.CardDefinition_DefaultsToNoRules" methodname="CardDefinition_DefaultsToNoRules" classname="KLTN.Game.Domain.Tests.AbilityDefinitionTests" runstate="Runnable" seed="1242400270" result="Passed" start-time="2026-09-13 18:50:38Z" end-time="2026-09-13 18:50:38Z" duration="0.008202" asserts="0">
                  <properties>
                    <property name="retryIteration" value="0" />
                    <property name="repeatIteration" value="0" />
                  </properties>
                </test-case>
                <test-case id="1003" name="KeywordFlags_CanBeCombined" fullname="KLTN.Game.Domain.Tests.AbilityDefinitionTests.KeywordFlags_CanBeCombined" methodname="KeywordFlags_CanBeCombined" classname="KLTN.Game.Domain.Tests.AbilityDefinitionTests" runstate="Runnable" seed="715185982" result="Passed" start-time="2026-09-13 18:50:38Z" end-time="2026-09-13 18:50:38Z" duration="0.003737" asserts="0">
                  <properties>
                    <property name="retryIteration" value="0" />
                    <property name="repeatIteration" value="0" />
                  </properties>
                </test-case>
              </test-suite>
              <test-suite type="TestFixture" id="1006" name="AbilityRuntimeTests" fullname="KLTN.Game.Domain.Tests.AbilityRuntimeTests" classname="KLTN.Game.Domain.Tests.AbilityRuntimeTests" runstate="Runnable" testcasecount="6" result="Passed" start-time="2026-09-13 18:50:38Z" end-time="2026-09-13 18:50:38Z" duration="0.152199" total="6" passed="6" failed="0" inconclusive="0" skipped="0" asserts="0">
                <properties />
                <test-case id="1008" name="AllySummonBuff_ChangesRuntimeStats" fullname="KLTN.Game.Domain.Tests.AbilityRuntimeTests.AllySummonBuff_ChangesRuntimeStats" methodname="AllySummonBuff_ChangesRuntimeStats" classname="KLTN.Game.Domain.Tests.AbilityRuntimeTests" runstate="Runnable" seed="557021465" result="Passed" start-time="2026-09-13 18:50:38Z" end-time="2026-09-13 18:50:38Z" duration="0.060315" asserts="0">
                  <properties>
                    <property name="retryIteration" value="0" />
                    <property name="repeatIteration" value="0" />
                  </properties>
                </test-case>
                <test-case id="1011" name="CombatDeath_ExecutesDeathAndAllyDeath" fullname="KLTN.Game.Domain.Tests.AbilityRuntimeTests.CombatDeath_ExecutesDeathAndAllyDeath" methodname="CombatDeath_ExecutesDeathAndAllyDeath" classname="KLTN.Game.Domain.Tests.AbilityRuntimeTests" runstate="Runnable" seed="1206271231" result="Passed" start-time="2026-09-13 18:50:38Z" end-time="2026-09-13 18:50:38Z" duration="0.032638" asserts="0">
                  <properties>
                    <property name="retryIteration" value="0" />
                    <property name="repeatIteration" value="0" />
                  </properties>
                </test-case>
                <test-case id="1010" name="InvalidThenValidSelection_IsAtomic" fullname="KLTN.Game.Domain.Tests.AbilityRuntimeTests.InvalidThenValidSelection_IsAtomic" methodname="InvalidThenValidSelection_IsAtomic" classname="KLTN.Game.Domain.Tests.AbilityRuntimeTests" runstate="Runnable" seed="1208543434" result="Passed" start-time="2026-09-13 18:50:38Z" end-time="2026-09-13 18:50:38Z" duration="0.040661" asserts="0">
                  <properties>
                    <property name="retryIteration" value="0" />
                    <property name="repeatIteration" value="0" />
                  </properties>
                </test-case>
                <test-case id="1007" name="PlayDrawEffect_ExecutesAfterSummon" fullname="KLTN.Game.Domain.Tests.AbilityRuntimeTests.PlayDrawEffect_ExecutesAfterSummon" methodname="PlayDrawEffect_ExecutesAfterSummon" classname="KLTN.Game.Domain.Tests.AbilityRuntimeTests" runstate="Runnable" seed="1048405784" result="Passed" start-time="2026-09-13 18:50:38Z" end-time="2026-09-13 18:50:38Z" duration="0.002473" asserts="0">
                  <properties>
                    <property name="retryIteration" value="0" />
                    <property name="repeatIteration" value="0" />
                  </properties>
                </test-case>
                <test-case id="1012" name="SimultaneousDeath_MaMatMamAndVongNhiBothResolve" fullname="KLTN.Game.Domain.Tests.AbilityRuntimeTests.SimultaneousDeath_MaMatMamAndVongNhiBothResolve" methodname="SimultaneousDeath_MaMatMamAndVongNhiBothResolve" classname="KLTN.Game.Domain.Tests.AbilityRuntimeTests" runstate="Runnable" seed="704035767" result="Passed" start-time="2026-09-13 18:50:38Z" end-time="2026-09-13 18:50:38Z" duration="0.006642" asserts="0">
                  <properties>
                    <property name="retryIteration" value="0" />
                    <property name="repeatIteration" value="0" />
                  </properties>
                </test-case>
                <test-case id="1009" name="TargetedPlay_OpensSelectionWithoutMutation" fullname="KLTN.Game.Domain.Tests.AbilityRuntimeTests.TargetedPlay_OpensSelectionWithoutMutation" methodname="TargetedPlay_OpensSelectionWithoutMutation" classname="KLTN.Game.Domain.Tests.AbilityRuntimeTests" runstate="Runnable" seed="1149541677" result="Passed" start-time="2026-09-13 18:50:38Z" end-time="2026-09-13 18:50:38Z" duration="0.001264" asserts="0">
                  <properties>
                    <property name="retryIteration" value="0" />
                    <property name="repeatIteration" value="0" />
                  </properties>
                </test-case>
              </test-suite>
              <test-suite type="TestFixture" id="1013" name="AbilityTriggerResolverTests" fullname="KLTN.Game.Domain.Tests.AbilityTriggerResolverTests" classname="KLTN.Game.Domain.Tests.AbilityTriggerResolverTests" runstate="Runnable" testcasecount="5" result="Passed" start-time="2026-09-13 18:50:38Z" end-time="2026-09-13 18:50:38Z" duration="0.053738" total="5" passed="5" failed="0" inconclusive="0" skipped="0" asserts="0">
                <properties />
                <test-case id="1016" name="Death_CollectsLastBreathBeforeAllyDeath" fullname="KLTN.Game.Domain.Tests.AbilityTriggerResolverTests.Death_CollectsLastBreathBeforeAllyDeath" methodname="Death_CollectsLastBreathBeforeAllyDeath" classname="KLTN.Game.Domain.Tests.AbilityTriggerResolverTests" runstate="Runnable" seed="564224479" result="Passed" start-time="2026-09-13 18:50:38Z" end-time="2026-09-13 18:50:38Z" duration="0.005629" asserts="0">
                  <properties>
                    <property name="retryIteration" value="0" />
                    <property name="repeatIteration" value="0" />
                  </properties>
                </test-case>
                <test-case id="1015" name="DrawHandCard_DoesNotListenToAllySummon" fullname="KLTN.Game.Domain.Tests.AbilityTriggerResolverTests.DrawHandCard_DoesNotListenToAllySummon" methodname="DrawHandCard_DoesNotListenToAllySummon" classname="KLTN.Game.Domain.Tests.AbilityTriggerResolverTests" runstate="Runnable" seed="686232834" result="Passed" start-time="2026-09-13 18:50:38Z" end-time="2026-09-13 18:50:38Z" duration="0.002132" asserts="0">
                  <properties>
                    <property name="retryIteration" value="0" />
                    <property name="repeatIteration" value="0" />
                  </properties>
                </test-case>
                <test-case id="1017" name="OncePerRound_IsCollectedOnlyOnce" fullname="KLTN.Game.Domain.Tests.AbilityTriggerResolverTests.OncePerRound_IsCollectedOnlyOnce" methodname="OncePerRound_IsCollectedOnlyOnce" classname="KLTN.Game.Domain.Tests.AbilityTriggerResolverTests" runstate="Runnable" seed="407336834" result="Passed" start-time="2026-09-13 18:50:38Z" end-time="2026-09-13 18:50:38Z" duration="0.008277" asserts="0">
                  <properties>
                    <property name="retryIteration" value="0" />
                    <property name="repeatIteration" value="0" />
                  </properties>
                </test-case>
                <test-case id="1018" name="PreviousRoundCondition_UsesRotatedHistory" fullname="KLTN.Game.Domain.Tests.AbilityTriggerResolverTests.PreviousRoundCondition_UsesRotatedHistory" methodname="PreviousRoundCondition_UsesRotatedHistory" classname="KLTN.Game.Domain.Tests.AbilityTriggerResolverTests" runstate="Runnable" seed="1895882545" result="Passed" start-time="2026-09-13 18:50:38Z" end-time="2026-09-13 18:50:38Z" duration="0.002945" asserts="0">
                  <properties>
                    <property name="retryIteration" value="0" />
                    <property name="repeatIteration" value="0" />
                  </properties>
                </test-case>
                <test-case id="1014" name="Summon_CollectsSelfBeforeAllyListeners" fullname="KLTN.Game.Domain.Tests.AbilityTriggerResolverTests.Summon_CollectsSelfBeforeAllyListeners" methodname="Summon_CollectsSelfBeforeAllyListeners" classname="KLTN.Game.Domain.Tests.AbilityTriggerResolverTests" runstate="Runnable" seed="1185286475" result="Passed" start-time="2026-09-13 18:50:38Z" end-time="2026-09-13 18:50:38Z" duration="0.001646" asserts="0">
                  <properties>
                    <property name="retryIteration" value="0" />
                    <property name="repeatIteration" value="0" />
                  </properties>
                </test-case>
              </test-suite>
              <test-suite type="TestFixture" id="1019" name="CombatKeywordTests" fullname="KLTN.Game.Domain.Tests.CombatKeywordTests" classname="KLTN.Game.Domain.Tests.CombatKeywordTests" runstate="Runnable" testcasecount="15" result="Passed" start-time="2026-09-13 18:50:38Z" end-time="2026-09-13 18:50:38Z" duration="0.039575" total="15" passed="15" failed="0" inconclusive="0" skipped="0" asserts="0">
                <properties />
                <test-case id="1026" name="AttackAndSupport_TriggerInSlotOrder" fullname="KLTN.Game.Domain.Tests.CombatKeywordTests.AttackAndSupport_TriggerInSlotOrder" methodname="AttackAndSupport_TriggerInSlotOrder" classname="KLTN.Game.Domain.Tests.CombatKeywordTests" runstate="Runnable" seed="1037546090" result="Passed" start-time="2026-09-13 18:50:38Z" end-time="2026-09-13 18:50:38Z" duration="0.003604" asserts="0">
                  <properties>
                    <property name="retryIteration" value="0" />
                    <property name="repeatIteration" value="0" />
                  </properties>
                </test-case>
                <test-case id="1029" name="CannotBlock_RejectionDoesNotMutateCombatState" fullname="KLTN.Game.Domain.Tests.CombatKeywordTests.CannotBlock_RejectionDoesNotMutateCombatState" methodname="CannotBlock_RejectionDoesNotMutateCombatState" classname="KLTN.Game.Domain.Tests.CombatKeywordTests" runstate="Runnable" seed="29563520" result="Passed" start-time="2026-09-13 18:50:38Z" end-time="2026-09-13 18:50:38Z" duration="0.003196" asserts="0">
                  <properties>
                    <property name="retryIteration" value="0" />
                    <property name="repeatIteration" value="0" />
                  </properties>
                </test-case>
                <test-case id="1020" name="CannotBlockUnit_IsRejectedAtomically" fullname="KLTN.Game.Domain.Tests.CombatKeywordTests.CannotBlockUnit_IsRejectedAtomically" methodname="CannotBlockUnit_IsRejectedAtomically" classname="KLTN.Game.Domain.Tests.CombatKeywordTests" runstate="Runnable" seed="660808345" result="Passed" start-time="2026-09-13 18:50:38Z" end-time="2026-09-13 18:50:38Z" duration="0.001174" asserts="0">
                  <properties>
                    <property name="retryIteration" value="0" />
                    <property name="repeatIteration" value="0" />
                  </properties>
                </test-case>
                <test-case id="1031" name="Ephemeral_BlockedStrikeRunsDeathAndAllyDeath" fullname="KLTN.Game.Domain.Tests.CombatKeywordTests.Ephemeral_BlockedStrikeRunsDeathAndAllyDeath" methodname="Ephemeral_BlockedStrikeRunsDeathAndAllyDeath" classname="KLTN.Game.Domain.Tests.CombatKeywordTests" runstate="Runnable" seed="1240422883" result="Passed" start-time="2026-09-13 18:50:38Z" end-time="2026-09-13 18:50:38Z" duration="0.002098" asserts="0">
                  <properties>
                    <property name="retryIteration" value="0" />
                    <property name="repeatIteration" value="0" />
                  </properties>
                </test-case>
                <test-case id="1024" name="Ephemeral_DiesAfterDirectStrike" fullname="KLTN.Game.Domain.Tests.CombatKeywordTests.Ephemeral_DiesAfterDirectStrike" methodname="Ephemeral_DiesAfterDirectStrike" classname="KLTN.Game.Domain.Tests.CombatKeywordTests" runstate="Runnable" seed="80324708" result="Passed" start-time="2026-09-13 18:50:38Z" end-time="2026-09-13 18:50:38Z" duration="0.000899" asserts="0">
                  <properties>
                    <property name="retryIteration" value="0" />
                    <property name="repeatIteration" value="0" />
                  </properties>
                </test-case>
                <test-case id="1028" name="Fearsome_BuffedTwoPowerBlockerCanBlock" fullname="KLTN.Game.Domain.Tests.CombatKeywordTests.Fearsome_BuffedTwoPowerBlockerCanBlock" methodname="Fearsome_BuffedTwoPowerBlockerCanBlock" classname="KLTN.Game.Domain.Tests.CombatKeywordTests" runstate="Runnable" seed="346442792" result="Passed" start-time="2026-09-13 18:50:38Z" end-time="2026-09-13 18:50:38Z" duration="0.001132" asserts="0">
                  <properties>
                    <property name="retryIteration" value="0" />
                    <property name="repeatIteration" value="0" />
                  </properties>
                </test-case>
                <test-case id="1021" name="Fearsome_RequiresThreeCurrentPower" fullname="KLTN.Game.Domain.Tests.CombatKeywordTests.Fearsome_RequiresThreeCurrentPower" methodname="Fearsome_RequiresThreeCurrentPower" classname="KLTN.Game.Domain.Tests.CombatKeywordTests" runstate="Runnable" seed="2105968942" result="Passed" start-time="2026-09-13 18:50:38Z" end-time="2026-09-13 18:50:38Z" duration="0.001059" asserts="0">
                  <properties>
                    <property name="retryIteration" value="0" />
                    <property name="repeatIteration" value="0" />
                  </properties>
                </test-case>
                <test-case id="1030" name="Lifesteal_DoesNotExceedMaximumNexusHealth" fullname="KLTN.Game.Domain.Tests.CombatKeywordTests.Lifesteal_DoesNotExceedMaximumNexusHealth" methodname="Lifesteal_DoesNotExceedMaximumNexusHealth" classname="KLTN.Game.Domain.Tests.CombatKeywordTests" runstate="Runnable" seed="1460044799" result="Passed" start-time="2026-09-13 18:50:38Z" end-time="2026-09-13 18:50:38Z" duration="0.001198" asserts="0">
                  <properties>
                    <property name="retryIteration" value="0" />
                    <property name="repeatIteration" value="0" />
                  </properties>
                </test-case>
                <test-case id="1023" name="LifestealAgainstNexus_HealsDamageDealt" fullname="KLTN.Game.Domain.Tests.CombatKeywordTests.LifestealAgainstNexus_HealsDamageDealt" methodname="LifestealAgainstNexus_HealsDamageDealt" classname="KLTN.Game.Domain.Tests.CombatKeywordTests" runstate="Runnable" seed="1384107995" result="Passed" start-time="2026-09-13 18:50:38Z" end-time="2026-09-13 18:50:38Z" duration="0.000781" asserts="0">
                  <properties>
                    <property name="retryIteration" value="0" />
                    <property name="repeatIteration" value="0" />
                  </properties>
                </test-case>
                <test-case id="1022" name="LifestealAgainstUnit_HealsActualDamage" fullname="KLTN.Game.Domain.Tests.CombatKeywordTests.LifestealAgainstUnit_HealsActualDamage" methodname="LifestealAgainstUnit_HealsActualDamage" classname="KLTN.Game.Domain.Tests.CombatKeywordTests" runstate="Runnable" seed="1437651690" result="Passed" start-time="2026-09-13 18:50:38Z" end-time="2026-09-13 18:50:38Z" duration="0.000988" asserts="0">
                  <properties>
                    <property name="retryIteration" value="0" />
                    <property name="repeatIteration" value="0" />
                  </properties>
                </test-case>
                <test-case id="1025" name="RoundEnd_ExpiresEphemeralAndRunsDeathTriggers" fullname="KLTN.Game.Domain.Tests.CombatKeywordTests.RoundEnd_ExpiresEphemeralAndRunsDeathTriggers" methodname="RoundEnd_ExpiresEphemeralAndRunsDeathTriggers" classname="KLTN.Game.Domain.Tests.CombatKeywordTests" runstate="Runnable" seed="516909177" result="Passed" start-time="2026-09-13 18:50:38Z" end-time="2026-09-13 18:50:38Z" duration="0.008282" asserts="0">
                  <properties>
                    <property name="retryIteration" value="0" />
                    <property name="repeatIteration" value="0" />
                  </properties>
                </test-case>
                <test-case id="1033" name="RoundStart_BoardCardTriggers" fullname="KLTN.Game.Domain.Tests.CombatKeywordTests.RoundStart_BoardCardTriggers" methodname="RoundStart_BoardCardTriggers" classname="KLTN.Game.Domain.Tests.CombatKeywordTests" runstate="Runnable" seed="2123617197" result="Passed" start-time="2026-09-13 18:50:38Z" end-time="2026-09-13 18:50:38Z" duration="0.001502" asserts="0">
                  <properties>
                    <property name="retryIteration" value="0" />
                    <property name="repeatIteration" value="0" />
                  </properties>
                </test-case>
                <test-case id="1034" name="RoundStart_DrawHandCardDoesNotTrigger" fullname="KLTN.Game.Domain.Tests.CombatKeywordTests.RoundStart_DrawHandCardDoesNotTrigger" methodname="RoundStart_DrawHandCardDoesNotTrigger" classname="KLTN.Game.Domain.Tests.CombatKeywordTests" runstate="Runnable" seed="999616473" result="Passed" start-time="2026-09-13 18:50:38Z" end-time="2026-09-13 18:50:38Z" duration="0.001425" asserts="0">
                  <properties>
                    <property name="retryIteration" value="0" />
                    <property name="repeatIteration" value="0" />
                  </properties>
                </test-case>
                <test-case id="1027" name="RoundStart_TriggersActiveRosterAbility" fullname="KLTN.Game.Domain.Tests.CombatKeywordTests.RoundStart_TriggersActiveRosterAbility" methodname="RoundStart_TriggersActiveRosterAbility" classname="KLTN.Game.Domain.Tests.CombatKeywordTests" runstate="Runnable" seed="1600657435" result="Passed" start-time="2026-09-13 18:50:38Z" end-time="2026-09-13 18:50:38Z" duration="0.000968" asserts="0">
                  <properties>
                    <property name="retryIteration" value="0" />
                    <property name="repeatIteration" value="0" />
                  </properties>
                </test-case>
                <test-case id="1032" name="Support_WithEmptyRightSlotDoesNotTrigger" fullname="KLTN.Game.Domain.Tests.CombatKeywordTests.Support_WithEmptyRightSlotDoesNotTrigger" methodname="Support_WithEmptyRightSlotDoesNotTrigger" classname="KLTN.Game.Domain.Tests.CombatKeywordTests" runstate="Runnable" seed="1376369471" result="Passed" start-time="2026-09-13 18:50:38Z" end-time="2026-09-13 18:50:38Z" duration="0.001314" asserts="0">
                  <properties>
                    <property name="retryIteration" value="0" />
                    <property name="repeatIteration" value="0" />
                  </properties>
                </test-case>
              </test-suite>
              <test-suite type="TestFixture" id="1035" name="ExtendedAbilityEffectTests" fullname="KLTN.Game.Domain.Tests.ExtendedAbilityEffectTests" classname="KLTN.Game.Domain.Tests.ExtendedAbilityEffectTests" runstate="Runnable" testcasecount="10" result="Passed" start-time="2026-09-13 18:50:38Z" end-time="2026-09-13 18:50:38Z" duration="0.038685" total="10" passed="10" failed="0" inconclusive="0" skipped="0" asserts="0">
                <properties />
                <test-case id="1036" name="AllocateCardInstanceId_SkipsExistingIds" fullname="KLTN.Game.Domain.Tests.ExtendedAbilityEffectTests.AllocateCardInstanceId_SkipsExistingIds" methodname="AllocateCardInstanceId_SkipsExistingIds" classname="KLTN.Game.Domain.Tests.ExtendedAbilityEffectTests" runstate="Runnable" seed="1410025155" result="Passed" start-time="2026-09-13 18:50:38Z" end-time="2026-09-13 18:50:38Z" duration="0.001903" asserts="0">
                  <properties>
                    <property name="retryIteration" value="0" />
                    <property name="repeatIteration" value="0" />
                  </properties>
                </test-case>
                <test-case id="1042" name="CopyRandomDeadAlly_CreatesNewHandInstance" fullname="KLTN.Game.Domain.Tests.ExtendedAbilityEffectTests.CopyRandomDeadAlly_CreatesNewHandInstance" methodname="CopyRandomDeadAlly_CreatesNewHandInstance" classname="KLTN.Game.Domain.Tests.ExtendedAbilityEffectTests" runstate="Runnable" seed="1896063457" result="Passed" start-time="2026-09-13 18:50:38Z" end-time="2026-09-13 18:50:38Z" duration="0.008452" asserts="0">
                  <properties>
                    <property name="retryIteration" value="0" />
                    <property name="repeatIteration" value="0" />
                  </properties>
                </test-case>
                <test-case id="1045" name="HalfNexus_RoundsRemainingHealthUp" fullname="KLTN.Game.Domain.Tests.ExtendedAbilityEffectTests.HalfNexus_RoundsRemainingHealthUp" methodname="HalfNexus_RoundsRemainingHealthUp" classname="KLTN.Game.Domain.Tests.ExtendedAbilityEffectTests" runstate="Runnable" seed="1961021799" result="Passed" start-time="2026-09-13 18:50:38Z" end-time="2026-09-13 18:50:38Z" duration="0.002087" asserts="0">
                  <properties>
                    <property name="retryIteration" value="0" />
                    <property name="repeatIteration" value="0" />
                  </properties>
                </test-case>
                <test-case id="1044" name="KillAllUnits_MovesBothSidesToGraveyard" fullname="KLTN.Game.Domain.Tests.ExtendedAbilityEffectTests.KillAllUnits_MovesBothSidesToGraveyard" methodname="KillAllUnits_MovesBothSidesToGraveyard" classname="KLTN.Game.Domain.Tests.ExtendedAbilityEffectTests" runstate="Runnable" seed="2085866699" result="Passed" start-time="2026-09-13 18:50:38Z" end-time="2026-09-13 18:50:38Z" duration="0.002844" asserts="0">
                  <properties>
                    <property name="retryIteration" value="0" />
                    <property name="repeatIteration" value="0" />
                  </properties>
                </test-case>
                <test-case id="1037" name="ReduceCost_IsUsedWhenSummoning" fullname="KLTN.Game.Domain.Tests.ExtendedAbilityEffectTests.ReduceCost_IsUsedWhenSummoning" methodname="ReduceCost_IsUsedWhenSummoning" classname="KLTN.Game.Domain.Tests.ExtendedAbilityEffectTests" runstate="Runnable" seed="1748793437" result="Passed" start-time="2026-09-13 18:50:38Z" end-time="2026-09-13 18:50:38Z" duration="0.001764" asserts="0">
                  <properties>
                    <property name="retryIteration" value="0" />
                    <property name="repeatIteration" value="0" />
                  </properties>
                </test-case>
                <test-case id="1039" name="ReturnToDrawHand_ResetsCardToBase" fullname="KLTN.Game.Domain.Tests.ExtendedAbilityEffectTests.ReturnToDrawHand_ResetsCardToBase" methodname="ReturnToDrawHand_ResetsCardToBase" classname="KLTN.Game.Domain.Tests.ExtendedAbilityEffectTests" runstate="Runnable" seed="621852771" result="Passed" start-time="2026-09-13 18:50:38Z" end-time="2026-09-13 18:50:38Z" duration="0.002840" asserts="0">
                  <properties>
                    <property name="retryIteration" value="0" />
                    <property name="repeatIteration" value="0" />
                  </properties>
                </test-case>
                <test-case id="1040" name="ReturnToReserve_MovesBoardCardWithoutReset" fullname="KLTN.Game.Domain.Tests.ExtendedAbilityEffectTests.ReturnToReserve_MovesBoardCardWithoutReset" methodname="ReturnToReserve_MovesBoardCardWithoutReset" classname="KLTN.Game.Domain.Tests.ExtendedAbilityEffectTests" runstate="Runnable" seed="1537173981" result="Passed" start-time="2026-09-13 18:50:38Z" end-time="2026-09-13 18:50:38Z" duration="0.003868" asserts="0">
                  <properties>
                    <property name="retryIteration" value="0" />
                    <property name="repeatIteration" value="0" />
                  </properties>
                </test-case>
                <test-case id="1041" name="ReviveStrongestDeadAlly_UsesDamageThenHealth" fullname="KLTN.Game.Domain.Tests.ExtendedAbilityEffectTests.ReviveStrongestDeadAlly_UsesDamageThenHealth" methodname="ReviveStrongestDeadAlly_UsesDamageThenHealth" classname="KLTN.Game.Domain.Tests.ExtendedAbilityEffectTests" runstate="Runnable" seed="1565030619" result="Passed" start-time="2026-09-13 18:50:38Z" end-time="2026-09-13 18:50:38Z" duration="0.005852" asserts="0">
                  <properties>
                    <property name="retryIteration" value="0" />
                    <property name="repeatIteration" value="0" />
                  </properties>
                </test-case>
                <test-case id="1043" name="Summon_StopsAtActiveRosterCapacity" fullname="KLTN.Game.Domain.Tests.ExtendedAbilityEffectTests.Summon_StopsAtActiveRosterCapacity" methodname="Summon_StopsAtActiveRosterCapacity" classname="KLTN.Game.Domain.Tests.ExtendedAbilityEffectTests" runstate="Runnable" seed="1757514660" result="Passed" start-time="2026-09-13 18:50:38Z" end-time="2026-09-13 18:50:38Z" duration="0.002014" asserts="0">
                  <properties>
                    <property name="retryIteration" value="0" />
                    <property name="repeatIteration" value="0" />
                  </properties>
                </test-case>
                <test-case id="1038" name="ThisRoundCostReduction_IsCleared" fullname="KLTN.Game.Domain.Tests.ExtendedAbilityEffectTests.ThisRoundCostReduction_IsCleared" methodname="ThisRoundCostReduction_IsCleared" classname="KLTN.Game.Domain.Tests.ExtendedAbilityEffectTests" runstate="Runnable" seed="653080539" result="Passed" start-time="2026-09-13 18:50:38Z" end-time="2026-09-13 18:50:38Z" duration="0.000517" asserts="0">
                  <properties>
                    <property name="retryIteration" value="0" />
                    <property name="repeatIteration" value="0" />
                  </properties>
                </test-case>
              </test-suite>
              <test-suite type="TestFixture" id="1046" name="MatchFactoryTests" fullname="KLTN.Game.Domain.Tests.MatchFactoryTests" classname="KLTN.Game.Domain.Tests.MatchFactoryTests" runstate="Runnable" testcasecount="3" result="Passed" start-time="2026-09-13 18:50:38Z" end-time="2026-09-13 18:50:38Z" duration="0.011453" total="3" passed="3" failed="0" inconclusive="0" skipped="0" asserts="0">
                <properties />
                <test-case id="1048" name="Create_AssignsUniqueInstanceIds" fullname="KLTN.Game.Domain.Tests.MatchFactoryTests.Create_AssignsUniqueInstanceIds" methodname="Create_AssignsUniqueInstanceIds" classname="KLTN.Game.Domain.Tests.MatchFactoryTests" runstate="Runnable" seed="471468333" result="Passed" start-time="2026-09-13 18:50:38Z" end-time="2026-09-13 18:50:38Z" duration="0.005836" asserts="0">
                  <properties>
                    <property name="retryIteration" value="0" />
                    <property name="repeatIteration" value="0" />
                  </properties>
                </test-case>
                <test-case id="1047" name="Create_DealsOpeningHandToBothPlayers" fullname="KLTN.Game.Domain.Tests.MatchFactoryTests.Create_DealsOpeningHandToBothPlayers" methodname="Create_DealsOpeningHandToBothPlayers" classname="KLTN.Game.Domain.Tests.MatchFactoryTests" runstate="Runnable" seed="1053454428" result="Passed" start-time="2026-09-13 18:50:38Z" end-time="2026-09-13 18:50:38Z" duration="0.001200" asserts="0">
                  <properties>
                    <property name="retryIteration" value="0" />
                    <property name="repeatIteration" value="0" />
                  </properties>
                </test-case>
                <test-case id="1049" name="DamageOnOneInstance_DoesNotChangeAnotherInstance" fullname="KLTN.Game.Domain.Tests.MatchFactoryTests.DamageOnOneInstance_DoesNotChangeAnotherInstance" methodname="DamageOnOneInstance_DoesNotChangeAnotherInstance" classname="KLTN.Game.Domain.Tests.MatchFactoryTests" runstate="Runnable" seed="885418343" result="Passed" start-time="2026-09-13 18:50:38Z" end-time="2026-09-13 18:50:38Z" duration="0.001225" asserts="0">
                  <properties>
                    <property name="retryIteration" value="0" />
                    <property name="repeatIteration" value="0" />
                  </properties>
                </test-case>
              </test-suite>
              <test-suite type="TestFixture" id="1050" name="MatchRulesEngineTests" fullname="KLTN.Game.Domain.Tests.MatchRulesEngineTests" classname="KLTN.Game.Domain.Tests.MatchRulesEngineTests" runstate="Runnable" testcasecount="18" result="Passed" start-time="2026-09-13 18:50:38Z" end-time="2026-09-13 18:50:38Z" duration="0.045667" total="18" passed="18" failed="0" inconclusive="0" skipped="0" asserts="0">
                <properties />
                <test-case id="1068" name="AttackOwner_CannotSubmitBlockDeclaration" fullname="KLTN.Game.Domain.Tests.MatchRulesEngineTests.AttackOwner_CannotSubmitBlockDeclaration" methodname="AttackOwner_CannotSubmitBlockDeclaration" classname="KLTN.Game.Domain.Tests.MatchRulesEngineTests" runstate="Runnable" seed="1190019980" result="Passed" start-time="2026-09-13 18:50:38Z" end-time="2026-09-13 18:50:38Z" duration="0.013441" asserts="0">
                  <properties>
                    <property name="retryIteration" value="0" />
                    <property name="repeatIteration" value="0" />
                  </properties>
                </test-case>
                <test-case id="1067" name="BlockerOnSlotWithoutAttacker_IsRejectedAtomically" fullname="KLTN.Game.Domain.Tests.MatchRulesEngineTests.BlockerOnSlotWithoutAttacker_IsRejectedAtomically" methodname="BlockerOnSlotWithoutAttacker_IsRejectedAtomically" classname="KLTN.Game.Domain.Tests.MatchRulesEngineTests" runstate="Runnable" seed="357245847" result="Passed" start-time="2026-09-13 18:50:38Z" end-time="2026-09-13 18:50:38Z" duration="0.001625" asserts="0">
                  <properties>
                    <property name="retryIteration" value="0" />
                    <property name="repeatIteration" value="0" />
                  </properties>
                </test-case>
                <test-case id="1064" name="CommandOutsidePriorityPhase_IsRejected" fullname="KLTN.Game.Domain.Tests.MatchRulesEngineTests.CommandOutsidePriorityPhase_IsRejected" methodname="CommandOutsidePriorityPhase_IsRejected" classname="KLTN.Game.Domain.Tests.MatchRulesEngineTests" runstate="Runnable" seed="1352754781" result="Passed" start-time="2026-09-13 18:50:38Z" end-time="2026-09-13 18:50:38Z" duration="0.000762" asserts="0">
                  <properties>
                    <property name="retryIteration" value="0" />
                    <property name="repeatIteration" value="0" />
                  </properties>
                </test-case>
                <test-case id="1057" name="DeclareAttack_ByNonTokenOwner_IsRejected" fullname="KLTN.Game.Domain.Tests.MatchRulesEngineTests.DeclareAttack_ByNonTokenOwner_IsRejected" methodname="DeclareAttack_ByNonTokenOwner_IsRejected" classname="KLTN.Game.Domain.Tests.MatchRulesEngineTests" runstate="Runnable" seed="623729354" result="Passed" start-time="2026-09-13 18:50:38Z" end-time="2026-09-13 18:50:38Z" duration="0.001213" asserts="0">
                  <properties>
                    <property name="retryIteration" value="0" />
                    <property name="repeatIteration" value="0" />
                  </properties>
                </test-case>
                <test-case id="1056" name="DeclareAttack_MovesCardsToSlotsAndBeginsBlocking" fullname="KLTN.Game.Domain.Tests.MatchRulesEngineTests.DeclareAttack_MovesCardsToSlotsAndBeginsBlocking" methodname="DeclareAttack_MovesCardsToSlotsAndBeginsBlocking" classname="KLTN.Game.Domain.Tests.MatchRulesEngineTests" runstate="Runnable" seed="361586693" result="Passed" start-time="2026-09-13 18:50:38Z" end-time="2026-09-13 18:50:38Z" duration="0.001044" asserts="0">
                  <properties>
                    <property name="retryIteration" value="0" />
                    <property name="repeatIteration" value="0" />
                  </properties>
                </test-case>
                <test-case id="1058" name="DeclareAttack_WithDuplicateCard_IsAtomicAndRejected" fullname="KLTN.Game.Domain.Tests.MatchRulesEngineTests.DeclareAttack_WithDuplicateCard_IsAtomicAndRejected" methodname="DeclareAttack_WithDuplicateCard_IsAtomicAndRejected" classname="KLTN.Game.Domain.Tests.MatchRulesEngineTests" runstate="Runnable" seed="238799373" result="Passed" start-time="2026-09-13 18:50:38Z" end-time="2026-09-13 18:50:38Z" duration="0.000935" asserts="0">
                  <properties>
                    <property name="retryIteration" value="0" />
                    <property name="repeatIteration" value="0" />
                  </properties>
                </test-case>
                <test-case id="1059" name="DeclareAttack_WithoutCards_IsRejected" fullname="KLTN.Game.Domain.Tests.MatchRulesEngineTests.DeclareAttack_WithoutCards_IsRejected" methodname="DeclareAttack_WithoutCards_IsRejected" classname="KLTN.Game.Domain.Tests.MatchRulesEngineTests" runstate="Runnable" seed="84370392" result="Passed" start-time="2026-09-13 18:50:38Z" end-time="2026-09-13 18:50:38Z" duration="0.000568" asserts="0">
                  <properties>
                    <property name="retryIteration" value="0" />
                    <property name="repeatIteration" value="0" />
                  </properties>
                </test-case>
                <test-case id="1065" name="DeclareBlock_OnAttackerSlot_ResolvesUnitCombat" fullname="KLTN.Game.Domain.Tests.MatchRulesEngineTests.DeclareBlock_OnAttackerSlot_ResolvesUnitCombat" methodname="DeclareBlock_OnAttackerSlot_ResolvesUnitCombat" classname="KLTN.Game.Domain.Tests.MatchRulesEngineTests" runstate="Runnable" seed="187364979" result="Passed" start-time="2026-09-13 18:50:38Z" end-time="2026-09-13 18:50:38Z" duration="0.002001" asserts="0">
                  <properties>
                    <property name="retryIteration" value="0" />
                    <property name="repeatIteration" value="0" />
                  </properties>
                </test-case>
                <test-case id="1066" name="EmptyBlockDeclaration_AllowsDirectNexusAttack" fullname="KLTN.Game.Domain.Tests.MatchRulesEngineTests.EmptyBlockDeclaration_AllowsDirectNexusAttack" methodname="EmptyBlockDeclaration_AllowsDirectNexusAttack" classname="KLTN.Game.Domain.Tests.MatchRulesEngineTests" runstate="Runnable" seed="1736216078" result="Passed" start-time="2026-09-13 18:50:38Z" end-time="2026-09-13 18:50:38Z" duration="0.003733" asserts="0">
                  <properties>
                    <property name="retryIteration" value="0" />
                    <property name="repeatIteration" value="0" />
                  </properties>
                </test-case>
                <test-case id="1062" name="EverySecondCompletedRound_DrawsAndRefillsMana" fullname="KLTN.Game.Domain.Tests.MatchRulesEngineTests.EverySecondCompletedRound_DrawsAndRefillsMana" methodname="EverySecondCompletedRound_DrawsAndRefillsMana" classname="KLTN.Game.Domain.Tests.MatchRulesEngineTests" runstate="Runnable" seed="1481425605" result="Passed" start-time="2026-09-13 18:50:38Z" end-time="2026-09-13 18:50:38Z" duration="0.001161" asserts="0">
                  <properties>
                    <property name="retryIteration" value="0" />
                    <property name="repeatIteration" value="0" />
                  </properties>
                </test-case>
                <test-case id="1051" name="FirstPass_TransfersPriorityAndOffersEndRound" fullname="KLTN.Game.Domain.Tests.MatchRulesEngineTests.FirstPass_TransfersPriorityAndOffersEndRound" methodname="FirstPass_TransfersPriorityAndOffersEndRound" classname="KLTN.Game.Domain.Tests.MatchRulesEngineTests" runstate="Runnable" seed="803928067" result="Passed" start-time="2026-09-13 18:50:38Z" end-time="2026-09-13 18:50:38Z" duration="0.000863" asserts="0">
                  <properties>
                    <property name="retryIteration" value="0" />
                    <property name="repeatIteration" value="0" />
                  </properties>
                </test-case>
                <test-case id="1053" name="NonPassActionAfterPass_ResetsPassChain" fullname="KLTN.Game.Domain.Tests.MatchRulesEngineTests.NonPassActionAfterPass_ResetsPassChain" methodname="NonPassActionAfterPass_ResetsPassChain" classname="KLTN.Game.Domain.Tests.MatchRulesEngineTests" runstate="Runnable" seed="1154854209" result="Passed" start-time="2026-09-13 18:50:38Z" end-time="2026-09-13 18:50:38Z" duration="0.000942" asserts="0">
                  <properties>
                    <property name="retryIteration" value="0" />
                    <property name="repeatIteration" value="0" />
                  </properties>
                </test-case>
                <test-case id="1060" name="RejectedAction_DoesNotBreakPassChain" fullname="KLTN.Game.Domain.Tests.MatchRulesEngineTests.RejectedAction_DoesNotBreakPassChain" methodname="RejectedAction_DoesNotBreakPassChain" classname="KLTN.Game.Domain.Tests.MatchRulesEngineTests" runstate="Runnable" seed="1949119808" result="Passed" start-time="2026-09-13 18:50:38Z" end-time="2026-09-13 18:50:38Z" duration="0.001071" asserts="0">
                  <properties>
                    <property name="retryIteration" value="0" />
                    <property name="repeatIteration" value="0" />
                  </properties>
                </test-case>
                <test-case id="1052" name="SecondConsecutivePass_EndsRoundAndAlternatesToken" fullname="KLTN.Game.Domain.Tests.MatchRulesEngineTests.SecondConsecutivePass_EndsRoundAndAlternatesToken" methodname="SecondConsecutivePass_EndsRoundAndAlternatesToken" classname="KLTN.Game.Domain.Tests.MatchRulesEngineTests" runstate="Runnable" seed="630268634" result="Passed" start-time="2026-09-13 18:50:38Z" end-time="2026-09-13 18:50:38Z" duration="0.001132" asserts="0">
                  <properties>
                    <property name="retryIteration" value="0" />
                    <property name="repeatIteration" value="0" />
                  </properties>
                </test-case>
                <test-case id="1061" name="Summon_WhenActiveRosterIsFull_IsRejected" fullname="KLTN.Game.Domain.Tests.MatchRulesEngineTests.Summon_WhenActiveRosterIsFull_IsRejected" methodname="Summon_WhenActiveRosterIsFull_IsRejected" classname="KLTN.Game.Domain.Tests.MatchRulesEngineTests" runstate="Runnable" seed="591935519" result="Passed" start-time="2026-09-13 18:50:38Z" end-time="2026-09-13 18:50:38Z" duration="0.001074" asserts="0">
                  <properties>
                    <property name="retryIteration" value="0" />
                    <property name="repeatIteration" value="0" />
                  </properties>
                </test-case>
                <test-case id="1055" name="TwoPostCombatPasses_ReturnSurvivorsAndStartNextRound" fullname="KLTN.Game.Domain.Tests.MatchRulesEngineTests.TwoPostCombatPasses_ReturnSurvivorsAndStartNextRound" methodname="TwoPostCombatPasses_ReturnSurvivorsAndStartNextRound" classname="KLTN.Game.Domain.Tests.MatchRulesEngineTests" runstate="Runnable" seed="921703053" result="Passed" start-time="2026-09-13 18:50:38Z" end-time="2026-09-13 18:50:38Z" duration="0.001796" asserts="0">
                  <properties>
                    <property name="retryIteration" value="0" />
                    <property name="repeatIteration" value="0" />
                  </properties>
                </test-case>
                <test-case id="1054" name="TwoSummonActions_DoNotResolveCombat" fullname="KLTN.Game.Domain.Tests.MatchRulesEngineTests.TwoSummonActions_DoNotResolveCombat" methodname="TwoSummonActions_DoNotResolveCombat" classname="KLTN.Game.Domain.Tests.MatchRulesEngineTests" runstate="Runnable" seed="1320154818" result="Passed" start-time="2026-09-13 18:50:38Z" end-time="2026-09-13 18:50:38Z" duration="0.000914" asserts="0">
                  <properties>
                    <property name="retryIteration" value="0" />
                    <property name="repeatIteration" value="0" />
                  </properties>
                </test-case>
                <test-case id="1063" name="WrongActor_IsRejectedWithoutChangingPriority" fullname="KLTN.Game.Domain.Tests.MatchRulesEngineTests.WrongActor_IsRejectedWithoutChangingPriority" methodname="WrongActor_IsRejectedWithoutChangingPriority" classname="KLTN.Game.Domain.Tests.MatchRulesEngineTests" runstate="Runnable" seed="144140796" result="Passed" start-time="2026-09-13 18:50:38Z" end-time="2026-09-13 18:50:38Z" duration="0.000536" asserts="0">
                  <properties>
                    <property name="retryIteration" value="0" />
                    <property name="repeatIteration" value="0" />
                  </properties>
                </test-case>
              </test-suite>
              <test-suite type="TestFixture" id="1069" name="MatchStateFoundationTests" fullname="KLTN.Game.Domain.Tests.MatchStateFoundationTests" classname="KLTN.Game.Domain.Tests.MatchStateFoundationTests" runstate="Runnable" testcasecount="10" result="Passed" start-time="2026-09-13 18:50:38Z" end-time="2026-09-13 18:50:38Z" duration="0.022620" total="10" passed="10" failed="0" inconclusive="0" skipped="0" asserts="0">
                <properties />
                <test-case id="1078" name="BeginFirstRound_InitializesPriorityAndAttackToken" fullname="KLTN.Game.Domain.Tests.MatchStateFoundationTests.BeginFirstRound_InitializesPriorityAndAttackToken" methodname="BeginFirstRound_InitializesPriorityAndAttackToken" classname="KLTN.Game.Domain.Tests.MatchStateFoundationTests" runstate="Runnable" seed="2125499802" result="Passed" start-time="2026-09-13 18:50:38Z" end-time="2026-09-13 18:50:38Z" duration="0.001103" asserts="0">
                  <properties>
                    <property name="retryIteration" value="0" />
                    <property name="repeatIteration" value="0" />
                  </properties>
                </test-case>
                <test-case id="1079" name="BeginFirstRound_IsIdempotent" fullname="KLTN.Game.Domain.Tests.MatchStateFoundationTests.BeginFirstRound_IsIdempotent" methodname="BeginFirstRound_IsIdempotent" classname="KLTN.Game.Domain.Tests.MatchStateFoundationTests" runstate="Runnable" seed="626190287" result="Passed" start-time="2026-09-13 18:50:38Z" end-time="2026-09-13 18:50:38Z" duration="0.000568" asserts="0">
                  <properties>
                    <property name="retryIteration" value="0" />
                    <property name="repeatIteration" value="0" />
                  </properties>
                </test-case>
                <test-case id="1077" name="BeginFirstRound_RequiresCompletedMulligan" fullname="KLTN.Game.Domain.Tests.MatchStateFoundationTests.BeginFirstRound_RequiresCompletedMulligan" methodname="BeginFirstRound_RequiresCompletedMulligan" classname="KLTN.Game.Domain.Tests.MatchStateFoundationTests" runstate="Runnable" seed="1105368119" result="Passed" start-time="2026-09-13 18:50:38Z" end-time="2026-09-13 18:50:38Z" duration="0.007465" asserts="0">
                  <properties>
                    <property name="retryIteration" value="0" />
                    <property name="repeatIteration" value="0" />
                  </properties>
                </test-case>
                <test-case id="1076" name="MatchState_StartsInMulliganWithoutAvailableToken" fullname="KLTN.Game.Domain.Tests.MatchStateFoundationTests.MatchState_StartsInMulliganWithoutAvailableToken" methodname="MatchState_StartsInMulliganWithoutAvailableToken" classname="KLTN.Game.Domain.Tests.MatchStateFoundationTests" runstate="Runnable" seed="251066991" result="Passed" start-time="2026-09-13 18:50:38Z" end-time="2026-09-13 18:50:38Z" duration="0.000695" asserts="0">
                  <properties>
                    <property name="retryIteration" value="0" />
                    <property name="repeatIteration" value="0" />
                  </properties>
                </test-case>
                <test-case id="1071" name="MoveDrawHandCardToReserve_RejectsFifthActiveUnit" fullname="KLTN.Game.Domain.Tests.MatchStateFoundationTests.MoveDrawHandCardToReserve_RejectsFifthActiveUnit" methodname="MoveDrawHandCardToReserve_RejectsFifthActiveUnit" classname="KLTN.Game.Domain.Tests.MatchStateFoundationTests" runstate="Runnable" seed="1111729761" result="Passed" start-time="2026-09-13 18:50:38Z" end-time="2026-09-13 18:50:38Z" duration="0.001100" asserts="0">
                  <properties>
                    <property name="retryIteration" value="0" />
                    <property name="repeatIteration" value="0" />
                  </properties>
                </test-case>
                <test-case id="1070" name="MoveDrawHandCardToReserve_UpdatesZoneAndCollections" fullname="KLTN.Game.Domain.Tests.MatchStateFoundationTests.MoveDrawHandCardToReserve_UpdatesZoneAndCollections" methodname="MoveDrawHandCardToReserve_UpdatesZoneAndCollections" classname="KLTN.Game.Domain.Tests.MatchStateFoundationTests" runstate="Runnable" seed="2019800563" result="Passed" start-time="2026-09-13 18:50:38Z" end-time="2026-09-13 18:50:38Z" duration="0.000806" asserts="0">
                  <properties>
                    <property name="retryIteration" value="0" />
                    <property name="repeatIteration" value="0" />
                  </properties>
                </test-case>
                <test-case id="1072" name="MoveReserveCardToBoard_PreservesActiveRosterCount" fullname="KLTN.Game.Domain.Tests.MatchStateFoundationTests.MoveReserveCardToBoard_PreservesActiveRosterCount" methodname="MoveReserveCardToBoard_PreservesActiveRosterCount" classname="KLTN.Game.Domain.Tests.MatchStateFoundationTests" runstate="Runnable" seed="2020273148" result="Passed" start-time="2026-09-13 18:50:38Z" end-time="2026-09-13 18:50:38Z" duration="0.001496" asserts="0">
                  <properties>
                    <property name="retryIteration" value="0" />
                    <property name="repeatIteration" value="0" />
                  </properties>
                </test-case>
                <test-case id="1073" name="MoveReserveCardToBoard_RejectsOccupiedSlot" fullname="KLTN.Game.Domain.Tests.MatchStateFoundationTests.MoveReserveCardToBoard_RejectsOccupiedSlot" methodname="MoveReserveCardToBoard_RejectsOccupiedSlot" classname="KLTN.Game.Domain.Tests.MatchStateFoundationTests" runstate="Runnable" seed="1616701862" result="Passed" start-time="2026-09-13 18:50:38Z" end-time="2026-09-13 18:50:38Z" duration="0.000903" asserts="0">
                  <properties>
                    <property name="retryIteration" value="0" />
                    <property name="repeatIteration" value="0" />
                  </properties>
                </test-case>
                <test-case id="1075" name="ReturnBoardCardsToReserve_MovesDeadCardToGraveyard" fullname="KLTN.Game.Domain.Tests.MatchStateFoundationTests.ReturnBoardCardsToReserve_MovesDeadCardToGraveyard" methodname="ReturnBoardCardsToReserve_MovesDeadCardToGraveyard" classname="KLTN.Game.Domain.Tests.MatchStateFoundationTests" runstate="Runnable" seed="319297021" result="Passed" start-time="2026-09-13 18:50:38Z" end-time="2026-09-13 18:50:38Z" duration="0.000673" asserts="0">
                  <properties>
                    <property name="retryIteration" value="0" />
                    <property name="repeatIteration" value="0" />
                  </properties>
                </test-case>
                <test-case id="1074" name="ReturnBoardCardsToReserve_PreservesSlotOrder" fullname="KLTN.Game.Domain.Tests.MatchStateFoundationTests.ReturnBoardCardsToReserve_PreservesSlotOrder" methodname="ReturnBoardCardsToReserve_PreservesSlotOrder" classname="KLTN.Game.Domain.Tests.MatchStateFoundationTests" runstate="Runnable" seed="839987170" result="Passed" start-time="2026-09-13 18:50:38Z" end-time="2026-09-13 18:50:38Z" duration="0.001479" asserts="0">
                  <properties>
                    <property name="retryIteration" value="0" />
                    <property name="repeatIteration" value="0" />
                  </properties>
                </test-case>
              </test-suite>
              <test-suite type="TestFixture" id="1080" name="PendingAbilitySelectionTests" fullname="KLTN.Game.Domain.Tests.PendingAbilitySelectionTests" classname="KLTN.Game.Domain.Tests.PendingAbilitySelectionTests" runstate="Runnable" testcasecount="2" result="Passed" start-time="2026-09-13 18:50:38Z" end-time="2026-09-13 18:50:38Z" duration="0.003457" total="2" passed="2" failed="0" inconclusive="0" skipped="0" asserts="0">
                <properties />
                <test-case id="1082" name="CloseSelection_RequiresMatchingRequestId" fullname="KLTN.Game.Domain.Tests.PendingAbilitySelectionTests.CloseSelection_RequiresMatchingRequestId" methodname="CloseSelection_RequiresMatchingRequestId" classname="KLTN.Game.Domain.Tests.PendingAbilitySelectionTests" runstate="Runnable" seed="1029566687" result="Passed" start-time="2026-09-13 18:50:38Z" end-time="2026-09-13 18:50:38Z" duration="0.001319" asserts="0">
                  <properties>
                    <property name="retryIteration" value="0" />
                    <property name="repeatIteration" value="0" />
                  </properties>
                </test-case>
                <test-case id="1081" name="OpenSelection_ChangesPhaseAndStoresRequest" fullname="KLTN.Game.Domain.Tests.PendingAbilitySelectionTests.OpenSelection_ChangesPhaseAndStoresRequest" methodname="OpenSelection_ChangesPhaseAndStoresRequest" classname="KLTN.Game.Domain.Tests.PendingAbilitySelectionTests" runstate="Runnable" seed="1729969654" result="Passed" start-time="2026-09-13 18:50:38Z" end-time="2026-09-13 18:50:38Z" duration="0.000606" asserts="0">
                  <properties>
                    <property name="retryIteration" value="0" />
                    <property name="repeatIteration" value="0" />
                  </properties>
                </test-case>
              </test-suite>
              <test-suite type="TestFixture" id="1083" name="RoundHistoryTests" fullname="KLTN.Game.Domain.Tests.RoundHistoryTests" classname="KLTN.Game.Domain.Tests.RoundHistoryTests" runstate="Runnable" testcasecount="3" result="Passed" start-time="2026-09-13 18:50:38Z" end-time="2026-09-13 18:50:38Z" duration="0.003657" total="3" passed="3" failed="0" inconclusive="0" skipped="0" asserts="0">
                <properties />
                <test-case id="1085" name="AdvanceRound_MovesCurrentDeathsToPrevious" fullname="KLTN.Game.Domain.Tests.RoundHistoryTests.AdvanceRound_MovesCurrentDeathsToPrevious" methodname="AdvanceRound_MovesCurrentDeathsToPrevious" classname="KLTN.Game.Domain.Tests.RoundHistoryTests" runstate="Runnable" seed="31887374" result="Passed" start-time="2026-09-13 18:50:38Z" end-time="2026-09-13 18:50:38Z" duration="0.000477" asserts="0">
                  <properties>
                    <property name="retryIteration" value="0" />
                    <property name="repeatIteration" value="0" />
                  </properties>
                </test-case>
                <test-case id="1084" name="RecordDeath_StoresCurrentRoundSnapshot" fullname="KLTN.Game.Domain.Tests.RoundHistoryTests.RecordDeath_StoresCurrentRoundSnapshot" methodname="RecordDeath_StoresCurrentRoundSnapshot" classname="KLTN.Game.Domain.Tests.RoundHistoryTests" runstate="Runnable" seed="1924807403" result="Passed" start-time="2026-09-13 18:50:38Z" end-time="2026-09-13 18:50:38Z" duration="0.000706" asserts="0">
                  <properties>
                    <property name="retryIteration" value="0" />
                    <property name="repeatIteration" value="0" />
                  </properties>
                </test-case>
                <test-case id="1086" name="SameCard_CanDieMoreThanOnceInOneRound" fullname="KLTN.Game.Domain.Tests.RoundHistoryTests.SameCard_CanDieMoreThanOnceInOneRound" methodname="SameCard_CanDieMoreThanOnceInOneRound" classname="KLTN.Game.Domain.Tests.RoundHistoryTests" runstate="Runnable" seed="352572442" result="Passed" start-time="2026-09-13 18:50:38Z" end-time="2026-09-13 18:50:38Z" duration="0.000501" asserts="0">
                  <properties>
                    <property name="retryIteration" value="0" />
                    <property name="repeatIteration" value="0" />
                  </properties>
                </test-case>
              </test-suite>
              <test-suite type="TestFixture" id="1087" name="SeatIdTests" fullname="KLTN.Game.Domain.Tests.SeatIdTests" classname="KLTN.Game.Domain.Tests.SeatIdTests" runstate="Runnable" testcasecount="2" result="Passed" start-time="2026-09-13 18:50:38Z" end-time="2026-09-13 18:50:38Z" duration="0.002050" total="2" passed="2" failed="0" inconclusive="0" skipped="0" asserts="0">
                <properties />
                <test-case id="1089" name="GuestOpponent_IsHost" fullname="KLTN.Game.Domain.Tests.SeatIdTests.GuestOpponent_IsHost" methodname="GuestOpponent_IsHost" classname="KLTN.Game.Domain.Tests.SeatIdTests" runstate="Runnable" seed="1674715340" result="Passed" start-time="2026-09-13 18:50:38Z" end-time="2026-09-13 18:50:38Z" duration="0.000358" asserts="0">
                  <properties>
                    <property name="retryIteration" value="0" />
                    <property name="repeatIteration" value="0" />
                  </properties>
                </test-case>
                <test-case id="1088" name="HostOpponent_IsGuest" fullname="KLTN.Game.Domain.Tests.SeatIdTests.HostOpponent_IsGuest" methodname="HostOpponent_IsGuest" classname="KLTN.Game.Domain.Tests.SeatIdTests" runstate="Runnable" seed="1331588367" result="Passed" start-time="2026-09-13 18:50:38Z" end-time="2026-09-13 18:50:38Z" duration="0.000287" asserts="0">
                  <properties>
                    <property name="retryIteration" value="0" />
                    <property name="repeatIteration" value="0" />
                  </properties>
                  <output><![CDATA[Saving results to: C:/Users/kkira/AppData/LocalLow/DefaultCompany/KLTN\TestResults.xml
]]></output>
                </test-case>
              </test-suite>
            </test-suite>
          </test-suite>
        </test-suite>
      </test-suite>
    </test-suite>
  </test-suite>
</test-run>